Log file open, 10/19/20 15:46:33
LogInit: Display: Running engine for game: Escapegame
LogPlatformFile: Not using cached read wrapper
LogTaskGraph: Started task graph with 5 named threads and 11 total threads with 3 sets of task threads.
LogStats: Stats thread started at 0.482398
LogD3D11RHI: Loaded GFSDK_Aftermath_Lib.x64.dll
LogICUInternationalization: ICU TimeZone Detection - Raw Offset: +5:00, Platform Override: ''
LogPluginManager: Mounting plugin Paper2D
LogPluginManager: Mounting plugin AISupport
LogPluginManager: Mounting plugin LightPropagationVolume
LogPluginManager: Mounting plugin CameraShakePreviewer
LogPluginManager: Mounting plugin ActorLayerUtilities
LogPluginManager: Mounting plugin AnimationSharing
LogPluginManager: Mounting plugin CLionSourceCodeAccess
LogPluginManager: Mounting plugin CodeLiteSourceCodeAccess
LogPluginManager: Mounting plugin GitSourceControl
LogPluginManager: Mounting plugin KDevelopSourceCodeAccess
LogPluginManager: Mounting plugin NullSourceCodeAccess
LogPluginManager: Mounting plugin PerforceSourceControl
LogPluginManager: Mounting plugin PlasticSourceControl
LogPluginManager: Mounting plugin RiderSourceCodeAccess
LogPluginManager: Mounting plugin SubversionSourceControl
LogPluginManager: Mounting plugin UObjectPlugin
LogPluginManager: Mounting plugin VisualStudioCodeSourceCodeAccess
LogPluginManager: Mounting plugin VisualStudioSourceCodeAccess
LogPluginManager: Mounting plugin XCodeSourceCodeAccess
LogPluginManager: Mounting plugin AssetManagerEditor
LogPluginManager: Mounting plugin CryptoKeys
LogPluginManager: Mounting plugin CurveEditorTools
LogPluginManager: Mounting plugin DataValidation
LogPluginManager: Mounting plugin EditorScriptingUtilities
LogPluginManager: Mounting plugin FacialAnimation
LogPluginManager: Mounting plugin GameplayTagsEditor
LogPluginManager: Mounting plugin GeometryMode
LogPluginManager: Mounting plugin MacGraphicsSwitching
LogPluginManager: Mounting plugin MaterialAnalyzer
LogPluginManager: Mounting plugin MobileLauncherProfileWizard
LogPluginManager: Mounting plugin PluginBrowser
LogPluginManager: Mounting plugin SpeedTreeImporter
LogPluginManager: Mounting plugin DatasmithContent
LogPluginManager: Mounting plugin VariantManagerContent
LogPluginManager: Mounting plugin AlembicImporter
LogPluginManager: Mounting plugin AutomationUtils
LogPluginManager: Mounting plugin BackChannel
LogPluginManager: Mounting plugin ChaosCloth
LogPluginManager: Mounting plugin ChaosClothEditor
LogPluginManager: Mounting plugin ChaosEditor
LogPluginManager: Mounting plugin ChaosNiagara
LogPluginManager: Mounting plugin ChaosSolverPlugin
LogPluginManager: Mounting plugin CharacterAI
LogPluginManager: Mounting plugin GeometryCache
LogPluginManager: Mounting plugin GeometryCollectionPlugin
LogPluginManager: Mounting plugin GeometryProcessing
LogPluginManager: Mounting plugin PlanarCut
LogPluginManager: Mounting plugin PlatformCrypto
LogPluginManager: Mounting plugin ProxyLODPlugin
LogPluginManager: Mounting plugin SkeletalReduction
LogPluginManager: Mounting plugin Niagara
LogPluginManager: Mounting plugin MagicLeap
LogPluginManager: Mounting plugin MagicLeapLightEstimation
LogPluginManager: Mounting plugin MagicLeapMedia
LogPluginManager: Mounting plugin MagicLeapPassableWorld
LogPluginManager: Mounting plugin MLSDK
LogPluginManager: Mounting plugin AndroidMedia
LogPluginManager: Mounting plugin AvfMedia
LogPluginManager: Mounting plugin ImgMedia
LogPluginManager: Mounting plugin MediaCompositing
LogPluginManager: Mounting plugin MediaPlayerEditor
LogPluginManager: Mounting plugin WebMMedia
LogPluginManager: Mounting plugin WmfMedia
LogPluginManager: Mounting plugin MeshPainting
LogPluginManager: Mounting plugin TcpMessaging
LogPluginManager: Mounting plugin UdpMessaging
LogPluginManager: Mounting plugin ActorSequence
LogPluginManager: Mounting plugin LevelSequenceEditor
LogPluginManager: Mounting plugin MatineeToLevelSequence
LogPluginManager: Mounting plugin MovieRenderPipeline
LogPluginManager: Mounting plugin TemplateSequence
LogPluginManager: Mounting plugin NetcodeUnitTest
LogPluginManager: Mounting plugin NUTUnrealEngine4
LogPluginManager: Mounting plugin OnlineSubsystemGooglePlay
LogPluginManager: Mounting plugin OnlineSubsystemIOS
LogPluginManager: Mounting plugin OnlineSubsystem
LogPluginManager: Mounting plugin OnlineSubsystemNull
LogPluginManager: Mounting plugin OnlineSubsystemUtils
LogPluginManager: Mounting plugin LauncherChunkInstaller
LogPluginManager: Mounting plugin AndroidDeviceProfileSelector
LogPluginManager: Mounting plugin AndroidMoviePlayer
LogPluginManager: Mounting plugin AndroidPermission
LogPluginManager: Mounting plugin AppleImageUtils
LogPluginManager: Mounting plugin AppleMoviePlayer
LogPluginManager: Mounting plugin ArchVisCharacter
LogPluginManager: Mounting plugin AssetTags
LogPluginManager: Mounting plugin AudioCapture
LogPluginManager: Mounting plugin CableComponent
LogPluginManager: Mounting plugin CustomMeshComponent
LogPluginManager: Mounting plugin EditableMesh
LogPluginManager: Mounting plugin ExampleDeviceProfileSelector
LogPluginManager: Mounting plugin GoogleCloudMessaging
LogPluginManager: Mounting plugin GooglePAD
LogPluginManager: Mounting plugin HoudiniEngine
LogPluginManager: Mounting plugin IOSDeviceProfileSelector
LogPluginManager: Mounting plugin LinuxDeviceProfileSelector
LogPluginManager: Mounting plugin LocationServicesBPLibrary
LogPluginManager: Mounting plugin MobilePatchingUtils
LogPluginManager: Mounting plugin OculusVR
LogPluginManager: Mounting plugin PhysXVehicles
LogPluginManager: Mounting plugin PostSplashScreen
LogPluginManager: Mounting plugin ProceduralMeshComponent
LogPluginManager: Mounting plugin RuntimePhysXCooking
LogPluginManager: Mounting plugin SignificanceManager
LogPluginManager: Mounting plugin SoundFields
LogPluginManager: Mounting plugin SteamVR
LogPluginManager: Mounting plugin Synthesis
LogPluginManager: Mounting plugin WebMMoviePlayer
LogPluginManager: Mounting plugin WindowsMoviePlayer
LogPluginManager: Mounting plugin ScreenshotTools
LogInit: Using libcurl 7.55.1-DEV
LogInit:  - built for x86_64-pc-win32
LogInit:  - supports SSL with OpenSSL/1.1.1
LogInit:  - supports HTTP deflate (compression) using libz 1.2.8
LogInit:  - other features:
LogInit:      CURL_VERSION_SSL
LogInit:      CURL_VERSION_LIBZ
LogInit:      CURL_VERSION_IPV6
LogInit:      CURL_VERSION_ASYNCHDNS
LogInit:      CURL_VERSION_LARGEFILE
LogInit:      CURL_VERSION_IDN
LogInit:  CurlRequestOptions (configurable via config and command line):
LogInit:  - bVerifyPeer = true  - Libcurl will verify peer certificate
LogInit:  - bUseHttpProxy = false  - Libcurl will NOT use HTTP proxy
LogInit:  - bDontReuseConnections = false  - Libcurl will reuse connections
LogInit:  - MaxHostConnections = 16  - Libcurl will limit the number of connections to a host
LogInit:  - LocalHostAddr = Default
LogInit:  - BufferSize = 65536
LogOnline: OSS: Creating online subsystem instance for: NULL
LogInit: WinSock: version 1.1 (2.2), MaxSocks=32767, MaxUdp=65467
LogOnline: OSS: TryLoadSubsystemAndSetDefault: Loaded subsystem for module [NULL]
LogInit: Build: ++UE4+Release-4.25-CL-13942748
LogInit: Engine Version: 4.25.3-13942748+++UE4+Release-4.25
LogInit: Compatible Engine Version: 4.25.0-13144385+++UE4+Release-4.25
LogInit: Net CL: 13144385
LogInit: OS: Windows 10 (Release 1909) (), CPU: Intel(R) Core(TM) i7-6500U CPU @ 2.50GHz, GPU: Intel(R) HD Graphics 520
LogInit: Compiled (64-bit): Jul 25 2020 02:07:48
LogInit: Compiled with Visual C++: 19.24.28315.00
LogInit: Build Configuration: Development
LogInit: Branch Name: ++UE4+Release-4.25
LogInit: Command Line: 
LogInit: Base Directory: C:/Program Files/Epic Games/UE_4.25/Engine/Binaries/Win64/
LogInit: Allocator: TBB
LogInit: Installed Engine Build: 1
LogDevObjectVersion: Number of dev versions registered: 26
LogDevObjectVersion:   Dev-Blueprints (B0D832E4-1F89-4F0D-ACCF-7EB736FD4AA2): 10
LogDevObjectVersion:   Dev-Build (E1C64328-A22C-4D53-A36C-8E866417BD8C): 0
LogDevObjectVersion:   Dev-Core (375EC13C-06E4-48FB-B500-84F0262A717E): 4
LogDevObjectVersion:   Dev-Editor (E4B068ED-F494-42E9-A231-DA0B2E46BB41): 38
LogDevObjectVersion:   Dev-Framework (CFFC743F-43B0-4480-9391-14DF171D2073): 37
LogDevObjectVersion:   Dev-Mobile (B02B49B5-BB20-44E9-A304-32B752E40360): 2
LogDevObjectVersion:   Dev-Networking (A4E4105C-59A1-49B5-A7C5-40C4547EDFEE): 0
LogDevObjectVersion:   Dev-Online (39C831C9-5AE6-47DC-9A44-9C173E1C8E7C): 0
LogDevObjectVersion:   Dev-Physics (78F01B33-EBEA-4F98-B9B4-84EACCB95AA2): 4
LogDevObjectVersion:   Dev-Platform (6631380F-2D4D-43E0-8009-CF276956A95A): 0
LogDevObjectVersion:   Dev-Rendering (12F88B9F-8875-4AFC-A67C-D90C383ABD29): 43
LogDevObjectVersion:   Dev-Sequencer (7B5AE74C-D270-4C10-A958-57980B212A5A): 12
LogDevObjectVersion:   Dev-VR (D7296918-1DD6-4BDD-9DE2-64A83CC13884): 3
LogDevObjectVersion:   Dev-LoadTimes (C2A15278-BFE7-4AFE-6C17-90FF531DF755): 1
LogDevObjectVersion:   Private-Geometry (6EACA3D4-40EC-4CC1-B786-8BED09428FC5): 3
LogDevObjectVersion:   Dev-AnimPhys (29E575DD-E0A3-4627-9D10-D276232CDCEA): 17
LogDevObjectVersion:   Dev-Anim (AF43A65D-7FD3-4947-9873-3E8ED9C1BB05): 7
LogDevObjectVersion:   Dev-ReflectionCapture (6B266CEC-1EC7-4B8F-A30B-E4D90942FC07): 1
LogDevObjectVersion:   Dev-Automation (0DF73D61-A23F-47EA-B727-89E90C41499A): 1
LogDevObjectVersion:   FortniteMain (601D1886-AC64-4F84-AA16-D3DE0DEAC7D6): 31
LogDevObjectVersion:   Dev-Enterprise (9DFFBCD6-494F-0158-E221-12823C92A888): 10
LogDevObjectVersion:   Dev-Niagara (F2AED0AC-9AFE-416F-8664-AA7FFA26D6FC): 1
LogDevObjectVersion:   Dev-Destruction (174F1F0B-B4C6-45A5-B13F-2EE8D0FB917D): 10
LogDevObjectVersion:   Dev-Physics-Ext (35F94A83-E258-406C-A318-09F59610247C): 37
LogDevObjectVersion:   Dev-PhysicsMaterial-Chaos (B68FC16E-8B1B-42E2-B453-215C058844FE): 1
LogDevObjectVersion:   Dev-CineCamera (B2E18506-4273-CFC2-A54E-F4BB758BBA07): 1
LogInit: Presizing for max 25165824 objects, including 0 objects not considered by GC, pre-allocating 0 bytes for permanent pool.
LogConfig: Applying CVar settings from Section [/Script/Engine.StreamingSettings] File [D:/Projects/UE4UdemyCXX/Section4/Escapegame/Saved/Config/Windows/Engine.ini]
LogConfig: Setting CVar [[s.MinBulkDataSizeForAsyncLoading:131072]]
LogConfig: Setting CVar [[s.AsyncLoadingThreadEnabled:0]]
LogConfig: Setting CVar [[s.EventDrivenLoaderEnabled:1]]
LogConfig: Setting CVar [[s.WarnIfTimeLimitExceeded:0]]
LogConfig: Setting CVar [[s.TimeLimitExceededMultiplier:1.5]]
LogConfig: Setting CVar [[s.TimeLimitExceededMinTime:0.005]]
LogConfig: Setting CVar [[s.UseBackgroundLevelStreaming:1]]
LogConfig: Setting CVar [[s.PriorityAsyncLoadingExtraTime:15.0]]
LogConfig: Setting CVar [[s.LevelStreamingActorsUpdateTimeLimit:5.0]]
LogConfig: Setting CVar [[s.PriorityLevelStreamingActorsUpdateExtraTime:5.0]]
LogConfig: Setting CVar [[s.LevelStreamingComponentsRegistrationGranularity:10]]
LogConfig: Setting CVar [[s.UnregisterComponentsTimeLimit:1.0]]
LogConfig: Setting CVar [[s.LevelStreamingComponentsUnregistrationGranularity:5]]
LogConfig: Setting CVar [[s.FlushStreamingOnExit:1]]
LogInit: Object subsystem initialized
LogConfig: Setting CVar [[con.DebugEarlyDefault:1]]
LogConfig: Setting CVar [[r.setres:1280x720]]
[2020.10.19-10.46.33:881][  0]LogConfig: Setting CVar [[r.VSync:0]]
[2020.10.19-10.46.33:881][  0]LogConfig: Setting CVar [[r.RHICmdBypass:0]]
[2020.10.19-10.46.33:881][  0]LogConfig: Applying CVar settings from Section [/Script/Engine.RendererSettings] File [D:/Projects/UE4UdemyCXX/Section4/Escapegame/Saved/Config/Windows/Engine.ini]
[2020.10.19-10.46.33:881][  0]LogConfig: Setting CVar [[r.GPUCrashDebugging:0]]
[2020.10.19-10.46.33:881][  0]LogConfig: Applying CVar settings from Section [/Script/Engine.RendererOverrideSettings] File [D:/Projects/UE4UdemyCXX/Section4/Escapegame/Saved/Config/Windows/Engine.ini]
[2020.10.19-10.46.33:881][  0]LogConfig: Applying CVar settings from Section [/Script/Engine.StreamingSettings] File [D:/Projects/UE4UdemyCXX/Section4/Escapegame/Saved/Config/Windows/Engine.ini]
[2020.10.19-10.46.33:881][  0]LogConfig: Setting CVar [[s.MinBulkDataSizeForAsyncLoading:131072]]
[2020.10.19-10.46.33:881][  0]LogConfig: Setting CVar [[s.AsyncLoadingThreadEnabled:0]]
[2020.10.19-10.46.33:881][  0]LogConfig: Setting CVar [[s.EventDrivenLoaderEnabled:1]]
[2020.10.19-10.46.33:881][  0]LogConfig: Setting CVar [[s.WarnIfTimeLimitExceeded:0]]
[2020.10.19-10.46.33:881][  0]LogConfig: Setting CVar [[s.TimeLimitExceededMultiplier:1.5]]
[2020.10.19-10.46.33:881][  0]LogConfig: Setting CVar [[s.TimeLimitExceededMinTime:0.005]]
[2020.10.19-10.46.33:881][  0]LogConfig: Setting CVar [[s.UseBackgroundLevelStreaming:1]]
[2020.10.19-10.46.33:881][  0]LogConfig: Setting CVar [[s.PriorityAsyncLoadingExtraTime:15.0]]
[2020.10.19-10.46.33:881][  0]LogConfig: Setting CVar [[s.LevelStreamingActorsUpdateTimeLimit:5.0]]
[2020.10.19-10.46.33:881][  0]LogConfig: Setting CVar [[s.PriorityLevelStreamingActorsUpdateExtraTime:5.0]]
[2020.10.19-10.46.33:881][  0]LogConfig: Setting CVar [[s.LevelStreamingComponentsRegistrationGranularity:10]]
[2020.10.19-10.46.33:881][  0]LogConfig: Setting CVar [[s.UnregisterComponentsTimeLimit:1.0]]
[2020.10.19-10.46.33:881][  0]LogConfig: Setting CVar [[s.LevelStreamingComponentsUnregistrationGranularity:5]]
[2020.10.19-10.46.33:881][  0]LogConfig: Setting CVar [[s.FlushStreamingOnExit:1]]
[2020.10.19-10.46.33:881][  0]LogConfig: Applying CVar settings from Section [/Script/Engine.GarbageCollectionSettings] File [D:/Projects/UE4UdemyCXX/Section4/Escapegame/Saved/Config/Windows/Engine.ini]
[2020.10.19-10.46.33:881][  0]LogConfig: Setting CVar [[gc.MaxObjectsNotConsideredByGC:1]]
[2020.10.19-10.46.33:881][  0]LogConfig: Setting CVar [[gc.SizeOfPermanentObjectPool:0]]
[2020.10.19-10.46.33:881][  0]LogConfig: Setting CVar [[gc.FlushStreamingOnGC:0]]
[2020.10.19-10.46.33:881][  0]LogConfig: Setting CVar [[gc.NumRetriesBeforeForcingGC:10]]
[2020.10.19-10.46.33:881][  0]LogConfig: Setting CVar [[gc.AllowParallelGC:1]]
[2020.10.19-10.46.33:881][  0]LogConfig: Setting CVar [[gc.TimeBetweenPurgingPendingKillObjects:61.1]]
[2020.10.19-10.46.33:881][  0]LogConfig: Setting CVar [[gc.MaxObjectsInEditor:25165824]]
[2020.10.19-10.46.33:881][  0]LogConfig: Setting CVar [[gc.IncrementalBeginDestroyEnabled:1]]
[2020.10.19-10.46.33:881][  0]LogConfig: Setting CVar [[gc.CreateGCClusters:1]]
[2020.10.19-10.46.33:881][  0]LogConfig: Setting CVar [[gc.MinGCClusterSize:5]]
[2020.10.19-10.46.33:882][  0]LogConfig: Setting CVar [[gc.ActorClusteringEnabled:0]]
[2020.10.19-10.46.33:882][  0]LogConfig: Setting CVar [[gc.BlueprintClusteringEnabled:0]]
[2020.10.19-10.46.33:882][  0]LogConfig: Setting CVar [[gc.UseDisregardForGCOnDedicatedServers:0]]
[2020.10.19-10.46.33:882][  0]LogConfig: Applying CVar settings from Section [/Script/Engine.NetworkSettings] File [D:/Projects/UE4UdemyCXX/Section4/Escapegame/Saved/Config/Windows/Engine.ini]
[2020.10.19-10.46.33:882][  0]LogConfig: Applying CVar settings from Section [/Script/UnrealEd.CookerSettings] File [D:/Projects/UE4UdemyCXX/Section4/Escapegame/Saved/Config/Windows/Engine.ini]
[2020.10.19-10.46.33:892][  0]LogConfig: Applying CVar settings from Section [ViewDistanceQuality@3] File [D:/Projects/UE4UdemyCXX/Section4/Escapegame/Saved/Config/Windows/Scalability.ini]
[2020.10.19-10.46.33:892][  0]LogConfig: Setting CVar [[r.SkeletalMeshLODBias:0]]
[2020.10.19-10.46.33:892][  0]LogConfig: Setting CVar [[r.ViewDistanceScale:1.0]]
[2020.10.19-10.46.33:892][  0]LogConfig: Applying CVar settings from Section [AntiAliasingQuality@3] File [D:/Projects/UE4UdemyCXX/Section4/Escapegame/Saved/Config/Windows/Scalability.ini]
[2020.10.19-10.46.33:892][  0]LogConfig: Setting CVar [[r.PostProcessAAQuality:4]]
[2020.10.19-10.46.33:892][  0]LogConfig: Applying CVar settings from Section [ShadowQuality@3] File [D:/Projects/UE4UdemyCXX/Section4/Escapegame/Saved/Config/Windows/Scalability.ini]
[2020.10.19-10.46.33:892][  0]LogConfig: Setting CVar [[r.LightFunctionQuality:1]]
[2020.10.19-10.46.33:892][  0]LogConfig: Setting CVar [[r.ShadowQuality:5]]
[2020.10.19-10.46.33:892][  0]LogConfig: Setting CVar [[r.Shadow.CSM.MaxCascades:10]]
[2020.10.19-10.46.33:892][  0]LogConfig: Setting CVar [[r.Shadow.MaxResolution:2048]]
[2020.10.19-10.46.33:892][  0]LogConfig: Setting CVar [[r.Shadow.MaxCSMResolution:2048]]
[2020.10.19-10.46.33:892][  0]LogConfig: Setting CVar [[r.Shadow.RadiusThreshold:0.01]]
[2020.10.19-10.46.33:893][  0]LogConfig: Setting CVar [[r.Shadow.DistanceScale:1.0]]
[2020.10.19-10.46.33:893][  0]LogConfig: Setting CVar [[r.Shadow.CSM.TransitionScale:1.0]]
[2020.10.19-10.46.33:893][  0]LogConfig: Setting CVar [[r.Shadow.PreShadowResolutionFactor:1.0]]
[2020.10.19-10.46.33:893][  0]LogConfig: Setting CVar [[r.DistanceFieldShadowing:1]]
[2020.10.19-10.46.33:893][  0]LogConfig: Setting CVar [[r.DistanceFieldAO:1]]
[2020.10.19-10.46.33:893][  0]LogConfig: Setting CVar [[r.AOQuality:2]]
[2020.10.19-10.46.33:893][  0]LogConfig: Setting CVar [[r.VolumetricFog:1]]
[2020.10.19-10.46.33:893][  0]LogConfig: Setting CVar [[r.VolumetricFog.GridPixelSize:8]]
[2020.10.19-10.46.33:893][  0]LogConfig: Setting CVar [[r.VolumetricFog.GridSizeZ:128]]
[2020.10.19-10.46.33:893][  0]LogConfig: Setting CVar [[r.VolumetricFog.HistoryMissSupersampleCount:4]]
[2020.10.19-10.46.33:893][  0]LogConfig: Setting CVar [[r.LightMaxDrawDistanceScale:1]]
[2020.10.19-10.46.33:893][  0]LogConfig: Setting CVar [[r.CapsuleShadows:1]]
[2020.10.19-10.46.33:893][  0]LogConfig: Applying CVar settings from Section [PostProcessQuality@3] File [D:/Projects/UE4UdemyCXX/Section4/Escapegame/Saved/Config/Windows/Scalability.ini]
[2020.10.19-10.46.33:893][  0]LogConfig: Setting CVar [[r.MotionBlurQuality:4]]
[2020.10.19-10.46.33:893][  0]LogConfig: Setting CVar [[r.AmbientOcclusionMipLevelFactor:0.4]]
[2020.10.19-10.46.33:893][  0]LogConfig: Setting CVar [[r.AmbientOcclusionMaxQuality:100]]
[2020.10.19-10.46.33:893][  0]LogConfig: Setting CVar [[r.AmbientOcclusionLevels:-1]]
[2020.10.19-10.46.33:893][  0]LogConfig: Setting CVar [[r.AmbientOcclusionRadiusScale:1.0]]
[2020.10.19-10.46.33:893][  0]LogConfig: Setting CVar [[r.DepthOfFieldQuality:2]]
[2020.10.19-10.46.33:893][  0]LogConfig: Setting CVar [[r.RenderTargetPoolMin:400]]
[2020.10.19-10.46.33:893][  0]LogConfig: Setting CVar [[r.LensFlareQuality:2]]
[2020.10.19-10.46.33:893][  0]LogConfig: Setting CVar [[r.SceneColorFringeQuality:1]]
[2020.10.19-10.46.33:893][  0]LogConfig: Setting CVar [[r.EyeAdaptationQuality:2]]
[2020.10.19-10.46.33:893][  0]LogConfig: Setting CVar [[r.BloomQuality:5]]
[2020.10.19-10.46.33:893][  0]LogConfig: Setting CVar [[r.FastBlurThreshold:100]]
[2020.10.19-10.46.33:893][  0]LogConfig: Setting CVar [[r.Upscale.Quality:3]]
[2020.10.19-10.46.33:893][  0]LogConfig: Setting CVar [[r.Tonemapper.GrainQuantization:1]]
[2020.10.19-10.46.33:893][  0]LogConfig: Setting CVar [[r.LightShaftQuality:1]]
[2020.10.19-10.46.33:893][  0]LogConfig: Setting CVar [[r.Filter.SizeScale:1]]
[2020.10.19-10.46.33:893][  0]LogConfig: Setting CVar [[r.Tonemapper.Quality:5]]
[2020.10.19-10.46.33:893][  0]LogConfig: Setting CVar [[r.DOF.Gather.AccumulatorQuality:1        ; higher gathering accumulator quality]]
[2020.10.19-10.46.33:893][  0]LogConfig: Setting CVar [[r.DOF.Gather.PostfilterMethod:1          ; Median3x3 postfilering method]]
[2020.10.19-10.46.33:893][  0]LogConfig: Setting CVar [[r.DOF.Gather.EnableBokehSettings:0       ; no bokeh simulation when gathering]]
[2020.10.19-10.46.33:893][  0]LogConfig: Setting CVar [[r.DOF.Gather.RingCount:4                 ; medium number of samples when gathering]]
[2020.10.19-10.46.33:893][  0]LogConfig: Setting CVar [[r.DOF.Scatter.ForegroundCompositing:1    ; additive foreground scattering]]
[2020.10.19-10.46.33:893][  0]LogConfig: Setting CVar [[r.DOF.Scatter.BackgroundCompositing:2    ; additive background scattering]]
[2020.10.19-10.46.33:893][  0]LogConfig: Setting CVar [[r.DOF.Scatter.EnableBokehSettings:1      ; bokeh simulation when scattering]]
[2020.10.19-10.46.33:893][  0]LogConfig: Setting CVar [[r.DOF.Scatter.MaxSpriteRatio:0.1         ; only a maximum of 10% of scattered bokeh]]
[2020.10.19-10.46.33:893][  0]LogConfig: Setting CVar [[r.DOF.Recombine.Quality:1                ; cheap slight out of focus]]
[2020.10.19-10.46.33:893][  0]LogConfig: Setting CVar [[r.DOF.Recombine.EnableBokehSettings:0    ; no bokeh simulation on slight out of focus]]
[2020.10.19-10.46.33:893][  0]LogConfig: Setting CVar [[r.DOF.TemporalAAQuality:1                ; more stable temporal accumulation]]
[2020.10.19-10.46.33:893][  0]LogConfig: Setting CVar [[r.DOF.Kernel.MaxForegroundRadius:0.025]]
[2020.10.19-10.46.33:893][  0]LogConfig: Setting CVar [[r.DOF.Kernel.MaxBackgroundRadius:0.025]]
[2020.10.19-10.46.33:893][  0]LogConfig: Applying CVar settings from Section [TextureQuality@3] File [D:/Projects/UE4UdemyCXX/Section4/Escapegame/Saved/Config/Windows/Scalability.ini]
[2020.10.19-10.46.33:893][  0]LogConfig: Setting CVar [[r.Streaming.MipBias:0]]
[2020.10.19-10.46.33:893][  0]LogConfig: Setting CVar [[r.Streaming.AmortizeCPUToGPUCopy:0]]
[2020.10.19-10.46.33:893][  0]LogConfig: Setting CVar [[r.Streaming.MaxNumTexturesToStreamPerFrame:0]]
[2020.10.19-10.46.33:893][  0]LogConfig: Setting CVar [[r.Streaming.Boost:1]]
[2020.10.19-10.46.33:893][  0]LogConfig: Setting CVar [[r.MaxAnisotropy:8]]
[2020.10.19-10.46.33:893][  0]LogConfig: Setting CVar [[r.VT.MaxAnisotropy:8]]
[2020.10.19-10.46.33:893][  0]LogConfig: Setting CVar [[r.Streaming.LimitPoolSizeToVRAM:0]]
[2020.10.19-10.46.33:893][  0]LogConfig: Setting CVar [[r.Streaming.PoolSize:1000]]
[2020.10.19-10.46.33:893][  0]LogConfig: Setting CVar [[r.Streaming.MaxEffectiveScreenSize:0]]
[2020.10.19-10.46.33:893][  0]LogConfig: Applying CVar settings from Section [EffectsQuality@3] File [D:/Projects/UE4UdemyCXX/Section4/Escapegame/Saved/Config/Windows/Scalability.ini]
[2020.10.19-10.46.33:894][  0]LogConfig: Setting CVar [[r.TranslucencyLightingVolumeDim:64]]
[2020.10.19-10.46.33:894][  0]LogConfig: Setting CVar [[r.RefractionQuality:2]]
[2020.10.19-10.46.33:894][  0]LogConfig: Setting CVar [[r.SSR.Quality:3]]
[2020.10.19-10.46.33:894][  0]LogConfig: Setting CVar [[r.SSR.HalfResSceneColor:0]]
[2020.10.19-10.46.33:894][  0]LogConfig: Setting CVar [[r.SceneColorFormat:4]]
[2020.10.19-10.46.33:894][  0]LogConfig: Setting CVar [[r.DetailMode:2]]
[2020.10.19-10.46.33:894][  0]LogConfig: Setting CVar [[r.TranslucencyVolumeBlur:1]]
[2020.10.19-10.46.33:894][  0]LogConfig: Setting CVar [[r.MaterialQualityLevel:1 ; High quality]]
[2020.10.19-10.46.33:894][  0]LogConfig: Setting CVar [[r.SSS.Scale:1]]
[2020.10.19-10.46.33:894][  0]LogConfig: Setting CVar [[r.SSS.SampleSet:2]]
[2020.10.19-10.46.33:894][  0]LogConfig: Setting CVar [[r.SSS.Quality:1]]
[2020.10.19-10.46.33:894][  0]LogConfig: Setting CVar [[r.SSS.HalfRes:0]]
[2020.10.19-10.46.33:894][  0]LogConfig: Setting CVar [[r.SSGI.Quality:3]]
[2020.10.19-10.46.33:894][  0]LogConfig: Setting CVar [[r.EmitterSpawnRateScale:1.0]]
[2020.10.19-10.46.33:894][  0]LogConfig: Setting CVar [[r.ParticleLightQuality:2]]
[2020.10.19-10.46.33:894][  0]LogConfig: Setting CVar [[r.SkyAtmosphere.AerialPerspectiveLUT.FastApplyOnOpaque:1 ; Always have FastSkyLUT 1 in this case to avoid wrong sky]]
[2020.10.19-10.46.33:894][  0]LogConfig: Setting CVar [[r.SkyAtmosphere.AerialPerspectiveLUT.SampleCountPerSlice:1]]
[2020.10.19-10.46.33:894][  0]LogConfig: Setting CVar [[r.SkyAtmosphere.AerialPerspectiveLUT.DepthResolution:16.0]]
[2020.10.19-10.46.33:894][  0]LogConfig: Setting CVar [[r.SkyAtmosphere.FastSkyLUT:1]]
[2020.10.19-10.46.33:894][  0]LogConfig: Setting CVar [[r.SkyAtmosphere.FastSkyLUT.SampleCountMin:4.0]]
[2020.10.19-10.46.33:894][  0]LogConfig: Setting CVar [[r.SkyAtmosphere.FastSkyLUT.SampleCountMax:32.0]]
[2020.10.19-10.46.33:894][  0]LogConfig: Setting CVar [[r.SkyAtmosphere.SampleCountMin:4.0]]
[2020.10.19-10.46.33:894][  0]LogConfig: Setting CVar [[r.SkyAtmosphere.SampleCountMax:32.0]]
[2020.10.19-10.46.33:894][  0]LogConfig: Setting CVar [[r.SkyAtmosphere.TransmittanceLUT.UseSmallFormat:0]]
[2020.10.19-10.46.33:894][  0]LogConfig: Setting CVar [[r.SkyAtmosphere.TransmittanceLUT.SampleCount:10.0]]
[2020.10.19-10.46.33:894][  0]LogConfig: Setting CVar [[r.SkyAtmosphere.MultiScatteringLUT.SampleCount:15.0]]
[2020.10.19-10.46.33:894][  0]LogConfig: Applying CVar settings from Section [FoliageQuality@3] File [D:/Projects/UE4UdemyCXX/Section4/Escapegame/Saved/Config/Windows/Scalability.ini]
[2020.10.19-10.46.33:894][  0]LogConfig: Setting CVar [[foliage.DensityScale:1.0]]
[2020.10.19-10.46.33:894][  0]LogConfig: Setting CVar [[grass.DensityScale:1.0]]
[2020.10.19-10.46.33:894][  0]LogConfig: Applying CVar settings from Section [ShadingQuality@3] File [D:/Projects/UE4UdemyCXX/Section4/Escapegame/Saved/Config/Windows/Scalability.ini]
[2020.10.19-10.46.33:894][  0]LogConfig: Setting CVar [[r.HairStrands.SkyLighting.SampleCount:16]]
[2020.10.19-10.46.33:894][  0]LogConfig: Setting CVar [[r.HairStrands.SkyLighting.JitterIntegration:0]]
[2020.10.19-10.46.33:894][  0]LogConfig: Setting CVar [[r.HairStrands.SkyAO.SampleCount:16]]
[2020.10.19-10.46.33:894][  0]LogConfig: Setting CVar [[r.HairStrands.DeepShadow.SuperSampling:0]]
[2020.10.19-10.46.33:894][  0]LogConfig: Setting CVar [[r.HairStrands.VisibilityPPLL:0]]
[2020.10.19-10.46.33:894][  0]LogConfig: Setting CVar [[r.HairStrands.RasterizationScale:0.5]]
[2020.10.19-10.46.33:894][  0]LogConfig: Setting CVar [[r.HairStrands.VelocityRasterizationScale:1]]
[2020.10.19-10.46.33:894][  0]LogInit: Selected Device Profile: [Windows]
[2020.10.19-10.46.33:894][  0]LogInit: Applying CVar settings loaded from the selected device profile: [Windows]
[2020.10.19-10.46.33:895][  0]LogHAL: Display: Platform has ~ 24 GB [25627271168 / 34359738368 / 24], which maps to Larger [LargestMinGB=32, LargerMinGB=12, DefaultMinGB=8, SmallerMinGB=6, SmallestMinGB=0)
[2020.10.19-10.46.33:895][  0]LogInit: Going up to parent DeviceProfile []
[2020.10.19-10.46.33:895][  0]LogConfig: Applying CVar settings from Section [ViewDistanceQuality@3] File [D:/Projects/UE4UdemyCXX/Section4/Escapegame/Saved/Config/Windows/Scalability.ini]
[2020.10.19-10.46.33:895][  0]LogConfig: Setting CVar [[r.SkeletalMeshLODBias:0]]
[2020.10.19-10.46.33:895][  0]LogConfig: Setting CVar [[r.ViewDistanceScale:1.0]]
[2020.10.19-10.46.33:895][  0]LogConfig: Applying CVar settings from Section [AntiAliasingQuality@1] File [D:/Projects/UE4UdemyCXX/Section4/Escapegame/Saved/Config/Windows/Scalability.ini]
[2020.10.19-10.46.33:895][  0]LogConfig: Setting CVar [[r.PostProcessAAQuality:2]]
[2020.10.19-10.46.33:895][  0]LogConfig: Applying CVar settings from Section [ShadowQuality@1] File [D:/Projects/UE4UdemyCXX/Section4/Escapegame/Saved/Config/Windows/Scalability.ini]
[2020.10.19-10.46.33:895][  0]LogConfig: Setting CVar [[r.LightFunctionQuality:1]]
[2020.10.19-10.46.33:895][  0]LogConfig: Setting CVar [[r.ShadowQuality:3]]
[2020.10.19-10.46.33:895][  0]LogConfig: Setting CVar [[r.Shadow.CSM.MaxCascades:1]]
[2020.10.19-10.46.33:895][  0]LogConfig: Setting CVar [[r.Shadow.MaxResolution:1024]]
[2020.10.19-10.46.33:895][  0]LogConfig: Setting CVar [[r.Shadow.MaxCSMResolution:1024]]
[2020.10.19-10.46.33:895][  0]LogConfig: Setting CVar [[r.Shadow.RadiusThreshold:0.05]]
[2020.10.19-10.46.33:895][  0]LogConfig: Setting CVar [[r.Shadow.DistanceScale:0.7]]
[2020.10.19-10.46.33:895][  0]LogConfig: Setting CVar [[r.Shadow.CSM.TransitionScale:0.25]]
[2020.10.19-10.46.33:895][  0]LogConfig: Setting CVar [[r.Shadow.PreShadowResolutionFactor:0.5]]
[2020.10.19-10.46.33:895][  0]LogConfig: Setting CVar [[r.DistanceFieldShadowing:0]]
[2020.10.19-10.46.33:895][  0]LogConfig: Setting CVar [[r.DistanceFieldAO:0]]
[2020.10.19-10.46.33:895][  0]LogConfig: Setting CVar [[r.VolumetricFog:0]]
[2020.10.19-10.46.33:895][  0]LogConfig: Setting CVar [[r.LightMaxDrawDistanceScale:.5]]
[2020.10.19-10.46.33:895][  0]LogConfig: Setting CVar [[r.CapsuleShadows:1]]
[2020.10.19-10.46.33:895][  0]LogConfig: Applying CVar settings from Section [PostProcessQuality@1] File [D:/Projects/UE4UdemyCXX/Section4/Escapegame/Saved/Config/Windows/Scalability.ini]
[2020.10.19-10.46.33:895][  0]LogConfig: Setting CVar [[r.MotionBlurQuality:3]]
[2020.10.19-10.46.33:895][  0]LogConfig: Setting CVar [[r.AmbientOcclusionMipLevelFactor:1.0]]
[2020.10.19-10.46.33:895][  0]LogConfig: Setting CVar [[r.AmbientOcclusionMaxQuality:60]]
[2020.10.19-10.46.33:895][  0]LogConfig: Setting CVar [[r.AmbientOcclusionLevels:-1]]
[2020.10.19-10.46.33:895][  0]LogConfig: Setting CVar [[r.AmbientOcclusionRadiusScale:1.5]]
[2020.10.19-10.46.33:895][  0]LogConfig: Setting CVar [[r.DepthOfFieldQuality:1]]
[2020.10.19-10.46.33:895][  0]LogConfig: Setting CVar [[r.RenderTargetPoolMin:350]]
[2020.10.19-10.46.33:895][  0]LogConfig: Setting CVar [[r.LensFlareQuality:0]]
[2020.10.19-10.46.33:895][  0]LogConfig: Setting CVar [[r.SceneColorFringeQuality:0]]
[2020.10.19-10.46.33:895][  0]LogConfig: Setting CVar [[r.EyeAdaptationQuality:0]]
[2020.10.19-10.46.33:895][  0]LogConfig: Setting CVar [[r.BloomQuality:4]]
[2020.10.19-10.46.33:895][  0]LogConfig: Setting CVar [[r.FastBlurThreshold:2]]
[2020.10.19-10.46.33:895][  0]LogConfig: Setting CVar [[r.Upscale.Quality:2]]
[2020.10.19-10.46.33:895][  0]LogConfig: Setting CVar [[r.Tonemapper.GrainQuantization:0]]
[2020.10.19-10.46.33:895][  0]LogConfig: Setting CVar [[r.LightShaftQuality:0]]
[2020.10.19-10.46.33:895][  0]LogConfig: Setting CVar [[r.Filter.SizeScale:0.7]]
[2020.10.19-10.46.33:895][  0]LogConfig: Setting CVar [[r.Tonemapper.Quality:2]]
[2020.10.19-10.46.33:895][  0]LogConfig: Setting CVar [[r.DOF.Gather.AccumulatorQuality:0        ; lower gathering accumulator quality]]
[2020.10.19-10.46.33:895][  0]LogConfig: Setting CVar [[r.DOF.Gather.PostfilterMethod:2          ; Max3x3 postfilering method]]
[2020.10.19-10.46.33:895][  0]LogConfig: Setting CVar [[r.DOF.Gather.EnableBokehSettings:0       ; no bokeh simulation when gathering]]
[2020.10.19-10.46.33:895][  0]LogConfig: Setting CVar [[r.DOF.Gather.RingCount:3                 ; low number of samples when gathering]]
[2020.10.19-10.46.33:895][  0]LogConfig: Setting CVar [[r.DOF.Scatter.ForegroundCompositing:0    ; no foreground scattering]]
[2020.10.19-10.46.33:895][  0]LogConfig: Setting CVar [[r.DOF.Scatter.BackgroundCompositing:0    ; no foreground scattering]]
[2020.10.19-10.46.33:895][  0]LogConfig: Setting CVar [[r.DOF.Recombine.Quality:0                ; no slight out of focus]]
[2020.10.19-10.46.33:895][  0]LogConfig: Setting CVar [[r.DOF.TemporalAAQuality:0                ; faster temporal accumulation]]
[2020.10.19-10.46.33:896][  0]LogConfig: Setting CVar [[r.DOF.Kernel.MaxForegroundRadius:0.006   ; required because low gathering and no scattering and not looking great at 1080p]]
[2020.10.19-10.46.33:896][  0]LogConfig: Setting CVar [[r.DOF.Kernel.MaxBackgroundRadius:0.006   ; required because low gathering and no scattering and not looking great at 1080p]]
[2020.10.19-10.46.33:896][  0]LogConfig: Applying CVar settings from Section [TextureQuality@1] File [D:/Projects/UE4UdemyCXX/Section4/Escapegame/Saved/Config/Windows/Scalability.ini]
[2020.10.19-10.46.33:896][  0]LogConfig: Setting CVar [[r.Streaming.MipBias:1]]
[2020.10.19-10.46.33:896][  0]LogConfig: Setting CVar [[r.Streaming.AmortizeCPUToGPUCopy:0]]
[2020.10.19-10.46.33:896][  0]LogConfig: Setting CVar [[r.Streaming.MaxNumTexturesToStreamPerFrame:0]]
[2020.10.19-10.46.33:896][  0]LogConfig: Setting CVar [[r.Streaming.Boost:1]]
[2020.10.19-10.46.33:896][  0]LogConfig: Setting CVar [[r.MaxAnisotropy:2]]
[2020.10.19-10.46.33:896][  0]LogConfig: Setting CVar [[r.VT.MaxAnisotropy:4]]
[2020.10.19-10.46.33:896][  0]LogConfig: Setting CVar [[r.Streaming.LimitPoolSizeToVRAM:1]]
[2020.10.19-10.46.33:896][  0]LogConfig: Setting CVar [[r.Streaming.PoolSize:600]]
[2020.10.19-10.46.33:896][  0]LogConfig: Setting CVar [[r.Streaming.MaxEffectiveScreenSize:0]]
[2020.10.19-10.46.33:896][  0]LogConfig: Applying CVar settings from Section [EffectsQuality@1] File [D:/Projects/UE4UdemyCXX/Section4/Escapegame/Saved/Config/Windows/Scalability.ini]
[2020.10.19-10.46.33:896][  0]LogConfig: Setting CVar [[r.TranslucencyLightingVolumeDim:32]]
[2020.10.19-10.46.33:896][  0]LogConfig: Setting CVar [[r.RefractionQuality:0]]
[2020.10.19-10.46.33:896][  0]LogConfig: Setting CVar [[r.SSR.Quality:0]]
[2020.10.19-10.46.33:896][  0]LogConfig: Setting CVar [[r.SSR.HalfResSceneColor:1]]
[2020.10.19-10.46.33:896][  0]LogConfig: Setting CVar [[r.SceneColorFormat:3]]
[2020.10.19-10.46.33:896][  0]LogConfig: Setting CVar [[r.DetailMode:1]]
[2020.10.19-10.46.33:896][  0]LogConfig: Setting CVar [[r.TranslucencyVolumeBlur:0]]
[2020.10.19-10.46.33:896][  0]LogConfig: Setting CVar [[r.MaterialQualityLevel:2 ; Medium quality]]
[2020.10.19-10.46.33:896][  0]LogConfig: Setting CVar [[r.SSS.Scale:0.75]]
[2020.10.19-10.46.33:896][  0]LogConfig: Setting CVar [[r.SSS.SampleSet:0]]
[2020.10.19-10.46.33:896][  0]LogConfig: Setting CVar [[r.SSS.Quality:0]]
[2020.10.19-10.46.33:896][  0]LogConfig: Setting CVar [[r.SSS.HalfRes:1]]
[2020.10.19-10.46.33:896][  0]LogConfig: Setting CVar [[r.SSGI.Quality:1]]
[2020.10.19-10.46.33:896][  0]LogConfig: Setting CVar [[r.EmitterSpawnRateScale:0.25]]
[2020.10.19-10.46.33:896][  0]LogConfig: Setting CVar [[r.ParticleLightQuality:0]]
[2020.10.19-10.46.33:896][  0]LogConfig: Setting CVar [[r.SkyAtmosphere.AerialPerspectiveLUT.FastApplyOnOpaque:1 ; Always have FastSkyLUT 1 in this case to avoid wrong sky]]
[2020.10.19-10.46.33:896][  0]LogConfig: Setting CVar [[r.SkyAtmosphere.AerialPerspectiveLUT.SampleCountPerSlice:1]]
[2020.10.19-10.46.33:896][  0]LogConfig: Setting CVar [[r.SkyAtmosphere.AerialPerspectiveLUT.DepthResolution:16.0]]
[2020.10.19-10.46.33:896][  0]LogConfig: Setting CVar [[r.SkyAtmosphere.FastSkyLUT:1]]
[2020.10.19-10.46.33:896][  0]LogConfig: Setting CVar [[r.SkyAtmosphere.FastSkyLUT.SampleCountMin:4.0]]
[2020.10.19-10.46.33:896][  0]LogConfig: Setting CVar [[r.SkyAtmosphere.FastSkyLUT.SampleCountMax:32.0]]
[2020.10.19-10.46.33:896][  0]LogConfig: Setting CVar [[r.SkyAtmosphere.SampleCountMin:4.0]]
[2020.10.19-10.46.33:896][  0]LogConfig: Setting CVar [[r.SkyAtmosphere.SampleCountMax:32.0]]
[2020.10.19-10.46.33:896][  0]LogConfig: Setting CVar [[r.SkyAtmosphere.TransmittanceLUT.UseSmallFormat:0]]
[2020.10.19-10.46.33:896][  0]LogConfig: Setting CVar [[r.SkyAtmosphere.TransmittanceLUT.SampleCount:10.0]]
[2020.10.19-10.46.33:896][  0]LogConfig: Setting CVar [[r.SkyAtmosphere.MultiScatteringLUT.SampleCount:15.0]]
[2020.10.19-10.46.33:896][  0]LogConfig: Applying CVar settings from Section [FoliageQuality@1] File [D:/Projects/UE4UdemyCXX/Section4/Escapegame/Saved/Config/Windows/Scalability.ini]
[2020.10.19-10.46.33:896][  0]LogConfig: Setting CVar [[foliage.DensityScale:0.4]]
[2020.10.19-10.46.33:896][  0]LogConfig: Setting CVar [[grass.DensityScale:0.4]]
[2020.10.19-10.46.33:896][  0]LogConfig: Applying CVar settings from Section [ShadingQuality@1] File [D:/Projects/UE4UdemyCXX/Section4/Escapegame/Saved/Config/Windows/Scalability.ini]
[2020.10.19-10.46.33:896][  0]LogConfig: Setting CVar [[r.HairStrands.SkyLighting.SampleCount:16]]
[2020.10.19-10.46.33:896][  0]LogConfig: Setting CVar [[r.HairStrands.SkyLighting.JitterIntegration:0]]
[2020.10.19-10.46.33:896][  0]LogConfig: Setting CVar [[r.HairStrands.SkyAO.SampleCount:16]]
[2020.10.19-10.46.33:896][  0]LogConfig: Setting CVar [[r.HairStrands.DeepShadow.SuperSampling:0]]
[2020.10.19-10.46.33:896][  0]LogConfig: Setting CVar [[r.HairStrands.VisibilityPPLL:0]]
[2020.10.19-10.46.33:896][  0]LogConfig: Setting CVar [[r.HairStrands.RasterizationScale:0.5]]
[2020.10.19-10.46.33:896][  0]LogConfig: Setting CVar [[r.HairStrands.VelocityRasterizationScale:1]]
[2020.10.19-10.46.33:896][  0]LogConfig: Applying CVar settings from Section [Startup] File [../../../Engine/Config/ConsoleVariables.ini]
[2020.10.19-10.46.33:897][  0]LogConfig: Setting CVar [[net.UseAdaptiveNetUpdateFrequency:0]]
[2020.10.19-10.46.33:897][  0]LogConfig: Setting CVar [[p.chaos.AllowCreatePhysxBodies:1]]
[2020.10.19-10.46.33:897][  0]LogConfig: Setting CVar [[fx.SkipVectorVMBackendOptimizations:1]]
[2020.10.19-10.46.33:897][  0]LogConfig: Applying CVar settings from Section [ConsoleVariables] File [D:/Projects/UE4UdemyCXX/Section4/Escapegame/Saved/Config/Windows/Engine.ini]
[2020.10.19-10.46.33:897][  0]LogInit: Computer: DANLAPTOP
[2020.10.19-10.46.33:897][  0]LogInit: User: DAN
[2020.10.19-10.46.33:897][  0]LogInit: CPU Page size=4096, Cores=2
[2020.10.19-10.46.33:897][  0]LogInit: High frequency timer resolution =10.000000 MHz
[2020.10.19-10.46.33:897][  0]LogMemory: Memory total: Physical=23.9GB (24GB approx)
[2020.10.19-10.46.33:897][  0]LogMemory: Platform Memory Stats for Windows
[2020.10.19-10.46.33:897][  0]LogMemory: Process Physical Memory: 113.89 MB used, 113.89 MB peak
[2020.10.19-10.46.33:897][  0]LogMemory: Process Virtual Memory: 95.12 MB used, 95.12 MB peak
[2020.10.19-10.46.33:897][  0]LogMemory: Physical Memory: 10291.05 MB used,  14149.02 MB free, 24440.07 MB total
[2020.10.19-10.46.33:897][  0]LogMemory: Virtual Memory: 5122.76 MB used,  134212608.00 MB free, 134217728.00 MB total
[2020.10.19-10.46.33:908][  0]LogWindows: WindowsPlatformFeatures enabled
[2020.10.19-10.46.33:993][  0]LogInit: Physics initialised using underlying interface: PhysX
[2020.10.19-10.46.33:994][  0]LogInit: Using OS detected language (en-US).
[2020.10.19-10.46.33:994][  0]LogInit: Using OS detected locale (en-US).
[2020.10.19-10.46.34:003][  0]LogTextLocalizationManager: No specific localization for 'en-US' exists, so the 'en' localization will be used.
[2020.10.19-10.46.34:370][  0]LogSlate: New Slate User Created.  User Index 0, Is Virtual User: 0
[2020.10.19-10.46.34:370][  0]LogSlate: Slate User Registered.  User Index 0, Is Virtual User: 0
[2020.10.19-10.46.34:655][  0]LogHMD: Failed to initialize OpenVR with code 110
[2020.10.19-10.46.34:655][  0]LogD3D11RHI: D3D11 min allowed feature level: 11_0
[2020.10.19-10.46.34:655][  0]LogD3D11RHI: D3D11 max allowed feature level: 11_0
[2020.10.19-10.46.34:655][  0]LogD3D11RHI: D3D11 adapters:
[2020.10.19-10.46.34:751][  0]LogD3D11RHI:    0. 'NVIDIA GeForce GTX 960M' (Feature Level 11_0)
[2020.10.19-10.46.34:751][  0]LogD3D11RHI:       2010/0/12220 MB DedicatedVideo/DedicatedSystem/SharedSystem, Outputs:2, VendorId:0x10de
[2020.10.19-10.46.34:796][  0]LogD3D11RHI:    1. 'Intel(R) HD Graphics 520' (Feature Level 11_0)
[2020.10.19-10.46.34:796][  0]LogD3D11RHI:       128/0/12220 MB DedicatedVideo/DedicatedSystem/SharedSystem, Outputs:0, VendorId:0x8086
[2020.10.19-10.46.34:799][  0]LogD3D11RHI:    2. 'Microsoft Basic Render Driver' (Feature Level 11_0)
[2020.10.19-10.46.34:799][  0]LogD3D11RHI:       0/0/12220 MB DedicatedVideo/DedicatedSystem/SharedSystem, Outputs:0, VendorId:0x1414
[2020.10.19-10.46.34:799][  0]LogD3D11RHI: Chosen D3D11 Adapter: 0
[2020.10.19-10.46.34:811][  0]LogD3D11RHI: Creating new Direct3DDevice
[2020.10.19-10.46.34:811][  0]LogD3D11RHI:     GPU DeviceId: 0x139b (for the marketing name, search the web for "GPU Device Id")
[2020.10.19-10.46.34:811][  0]LogWindows: EnumDisplayDevices:
[2020.10.19-10.46.34:811][  0]LogWindows:    0. 'Intel(R) HD Graphics 520' (P:0 D:1)
[2020.10.19-10.46.34:812][  0]LogWindows:    1. 'Intel(R) HD Graphics 520' (P:1 D:1)
[2020.10.19-10.46.34:812][  0]LogWindows:    2. 'Intel(R) HD Graphics 520' (P:0 D:0)
[2020.10.19-10.46.34:813][  0]LogWindows: DebugString: PrimaryIsNotTheChoosenAdapter PrimaryIsNotTheChoosenAdapter PrimaryIsNotTheChoosenAdapter FoundDriverCount:0 
[2020.10.19-10.46.34:813][  0]LogD3D11RHI:     Adapter Name: NVIDIA GeForce GTX 960M
[2020.10.19-10.46.34:813][  0]LogD3D11RHI:   Driver Version: Unknown (internal:Unknown, unified:Unknown)
[2020.10.19-10.46.34:813][  0]LogD3D11RHI:      Driver Date: Unknown
[2020.10.19-10.46.34:813][  0]LogRHI: Texture pool is 1407 MB (70% of 2010 MB)
[2020.10.19-10.46.34:877][  0]LogD3D11RHI: RHI has support for 64 bit atomics
[2020.10.19-10.46.34:880][  0]LogD3D11RHI: [Aftermath] Enabled and primed
[2020.10.19-10.46.34:880][  0]LogD3D11RHI: Async texture creation enabled
[2020.10.19-10.46.34:931][  0]LogD3D11RHI: GPU Timing Frequency: 1000.000000 (Debug: 2 2)
[2020.10.19-10.46.35:537][  0]LogTargetPlatformManager: Display: Loaded TargetPlatform 'AllDesktop'
[2020.10.19-10.46.35:578][  0]LogTargetPlatformManager: Display: Loaded TargetPlatform 'Android'
[2020.10.19-10.46.35:578][  0]LogTargetPlatformManager: Display: Loaded TargetPlatform 'Android_ASTC'
[2020.10.19-10.46.35:578][  0]LogTargetPlatformManager: Display: Loaded TargetPlatform 'Android_DXT'
[2020.10.19-10.46.35:578][  0]LogTargetPlatformManager: Display: Loaded TargetPlatform 'Android_ETC2'
[2020.10.19-10.46.35:578][  0]LogTargetPlatformManager: Display: Loaded TargetPlatform 'AndroidClient'
[2020.10.19-10.46.35:578][  0]LogTargetPlatformManager: Display: Loaded TargetPlatform 'Android_ASTCClient'
[2020.10.19-10.46.35:578][  0]LogTargetPlatformManager: Display: Loaded TargetPlatform 'Android_DXTClient'
[2020.10.19-10.46.35:578][  0]LogTargetPlatformManager: Display: Loaded TargetPlatform 'Android_ETC2Client'
[2020.10.19-10.46.35:578][  0]LogTargetPlatformManager: Display: Loaded TargetPlatform 'Android_Multi'
[2020.10.19-10.46.35:578][  0]LogTargetPlatformManager: Display: Loaded TargetPlatform 'Android_MultiClient'
[2020.10.19-10.46.35:617][  0]LogTargetPlatformManager: Display: Loaded TargetPlatform 'IOSClient'
[2020.10.19-10.46.35:617][  0]LogTargetPlatformManager: Display: Loaded TargetPlatform 'IOS'
[2020.10.19-10.46.35:636][  0]LogTargetPlatformManager: Display: Loaded TargetPlatform 'Linux'
[2020.10.19-10.46.35:651][  0]LogTargetPlatformManager: Display: Loaded TargetPlatform 'LinuxNoEditor'
[2020.10.19-10.46.35:671][  0]LogTargetPlatformManager: Display: Loaded TargetPlatform 'LinuxClient'
[2020.10.19-10.46.35:683][  0]LogTargetPlatformManager: Display: Loaded TargetPlatform 'LinuxServer'
[2020.10.19-10.46.35:698][  0]LogTargetPlatformManager: Display: Loaded TargetPlatform 'LinuxAArch64NoEditor'
[2020.10.19-10.46.35:709][  0]LogTargetPlatformManager: Display: Loaded TargetPlatform 'LinuxAArch64Client'
[2020.10.19-10.46.35:723][  0]LogTargetPlatformManager: Display: Loaded TargetPlatform 'LinuxAArch64Server'
[2020.10.19-10.46.35:763][  0]LogTargetPlatformManager: Display: Loaded TargetPlatform 'Lumin'
[2020.10.19-10.46.35:763][  0]LogTargetPlatformManager: Display: Loaded TargetPlatform 'LuminClient'
[2020.10.19-10.46.35:789][  0]LogTargetPlatformManager: Display: Loaded TargetPlatform 'TVOSClient'
[2020.10.19-10.46.35:789][  0]LogTargetPlatformManager: Display: Loaded TargetPlatform 'TVOS'
[2020.10.19-10.46.35:807][  0]LogTargetPlatformManager: Display: Loaded TargetPlatform 'WindowsNoEditor'
[2020.10.19-10.46.35:822][  0]LogTargetPlatformManager: Display: Loaded TargetPlatform 'Windows'
[2020.10.19-10.46.35:840][  0]LogTargetPlatformManager: Display: Loaded TargetPlatform 'WindowsClient'
[2020.10.19-10.46.35:858][  0]LogTargetPlatformManager: Display: Loaded TargetPlatform 'WindowsServer'
[2020.10.19-10.46.35:858][  0]LogTargetPlatformManager: Display: Building Assets For Windows
[2020.10.19-10.46.35:871][  0]LogAudioDebug: Display: Lib vorbis DLL was dynamically loaded.
[2020.10.19-10.46.35:965][  0]LogShaderCompilers: Guid format shader working directory is 0 characters bigger than the processId version (D:/Projects/UE4UdemyCXX/Section4/Escapegame/Intermediate/Shaders/WorkingDirectory/64320/).
[2020.10.19-10.46.35:966][  0]LogShaderCompilers: Cleaned the shader compiler working directory 'C:/Users/DAN/AppData/Local/Temp/UnrealShaderWorkingDir/F56C67F04A1EA57365054F8178DEEAAC/'.
[2020.10.19-10.46.35:966][  0]LogXGEController: Cleaning working directory: C:/Users/DAN/AppData/Local/Temp/UnrealXGEWorkingDir/
[2020.10.19-10.46.35:967][  0]LogXGEController: Cannot use XGE Controller as Incredibuild is not installed on this machine.
[2020.10.19-10.46.35:967][  0]LogShaderCompilers: Cannot use XGE Shader Compiler as Incredibuild is not installed on this machine.
[2020.10.19-10.46.35:967][  0]LogShaderCompilers: Display: Using Local Shader Compiler.
[2020.10.19-10.46.37:179][  0]LogDerivedDataCache: Display: Max Cache Size: 512 MB
[2020.10.19-10.46.37:272][  0]LogDerivedDataCache: Loaded boot cache 0.09s 92MB C:/Users/DAN/AppData/Local/UnrealEngine/4.25/DerivedDataCache/Boot.ddc.
[2020.10.19-10.46.37:273][  0]LogDerivedDataCache: Display: Loaded Boot cache: C:/Users/DAN/AppData/Local/UnrealEngine/4.25/DerivedDataCache/Boot.ddc
[2020.10.19-10.46.37:273][  0]LogDerivedDataCache: FDerivedDataBackendGraph:  Pak pak cache file D:/Projects/UE4UdemyCXX/Section4/Escapegame/DerivedDataCache/DDC.ddp not found, will not use a pak cache.
[2020.10.19-10.46.37:273][  0]LogDerivedDataCache: Unable to find inner node Pak for hierarchical cache Hierarchy.
[2020.10.19-10.46.37:273][  0]LogDerivedDataCache: FDerivedDataBackendGraph:  CompressedPak pak cache file D:/Projects/UE4UdemyCXX/Section4/Escapegame/DerivedDataCache/Compressed.ddp not found, will not use a pak cache.
[2020.10.19-10.46.37:273][  0]LogDerivedDataCache: Unable to find inner node CompressedPak for hierarchical cache Hierarchy.
[2020.10.19-10.46.37:286][  0]LogDerivedDataCache: Display: Pak cache opened for reading ../../../Engine/DerivedDataCache/Compressed.ddp.
[2020.10.19-10.46.37:286][  0]LogDerivedDataCache: FDerivedDataBackendGraph:  EnterprisePak pak cache file ../../../Enterprise/DerivedDataCache/Compressed.ddp not found, will not use a pak cache.
[2020.10.19-10.46.37:286][  0]LogDerivedDataCache: Unable to find inner node EnterprisePak for hierarchical cache Hierarchy.
[2020.10.19-10.46.37:289][  0]LogDerivedDataCache: Using Local data cache path C:/Users/DAN/AppData/Local/UnrealEngine/Common/DerivedDataCache: Writable
[2020.10.19-10.46.37:289][  0]LogDerivedDataCache: Shared data cache path not found in *engine.ini, will not use an Shared cache.
[2020.10.19-10.46.37:289][  0]LogDerivedDataCache: Unable to find inner node Shared for hierarchical cache Hierarchy.
[2020.10.19-10.46.37:376][  0]LogSlate: Using FreeType 2.10.0
[2020.10.19-10.46.37:376][  0]LogSlate: SlateFontServices - WITH_FREETYPE: 1, WITH_HARFBUZZ: 1
[2020.10.19-10.46.37:424][  0]LogAssetRegistry: FAssetRegistry took 0.0046 seconds to start up
[2020.10.19-10.46.37:866][  0]LogInit: Selected Device Profile: [Windows]
[2020.10.19-10.46.38:044][  0]LogMeshReduction: Using QuadricMeshReduction for automatic static mesh reduction
[2020.10.19-10.46.38:044][  0]LogMeshReduction: Using SimplygonMeshReduction for automatic skeletal mesh reduction
[2020.10.19-10.46.38:044][  0]LogMeshReduction: Using ProxyLODMeshReduction for automatic mesh merging
[2020.10.19-10.46.38:044][  0]LogMeshReduction: No distributed automatic mesh merging module available
[2020.10.19-10.46.38:044][  0]LogMeshMerging: No distributed automatic mesh merging module available
[2020.10.19-10.46.38:079][  0]LogNetVersion: Escapegame 1.0.0, NetCL: 13144385, EngineNetVer: 14, GameNetVer: 0 (Checksum: 2243176662)
[2020.10.19-10.46.38:921][  0]LogAISub: UAISubsystem::UAISubsystem AISubsystem (000002DAC8D9B880), frame # 0
[2020.10.19-10.46.38:921][  0]LogAISub: UAISubsystem::UAISubsystem AIPerceptionSystem (000002DAC8D95080), frame # 0
[2020.10.19-10.46.38:925][  0]LogAISub: UAISubsystem::UAISubsystem EnvQueryManager (000002DAC8DE5E00), frame # 0
[2020.10.19-10.46.39:050][  0]LogPackageLocalizationCache: Processed 20 localized package path(s) for 1 prioritized culture(s) in 0.112886 seconds
[2020.10.19-10.46.39:058][  0]LogUObjectArray: 15917 objects as part of root set at end of initial load.
[2020.10.19-10.46.39:058][  0]LogUObjectAllocator: 3965568 out of 0 bytes used by permanent object pool.
[2020.10.19-10.46.39:058][  0]LogUObjectArray: CloseDisregardForGC: 0/0 objects in disregard for GC pool
[2020.10.19-10.46.39:613][  0]LogTcpMessaging: Initializing TcpMessaging bridge
[2020.10.19-10.46.39:620][  0]LogUdpMessaging: Initializing bridge on interface 0.0.0.0:0 to multicast group 230.0.0.1:6666.
[2020.10.19-10.46.39:783][  0]SourceControl: Source control is disabled
[2020.10.19-10.46.39:783][  0]SourceControl: Source control is disabled
[2020.10.19-10.46.39:786][  0]SourceControl: Source control is disabled
[2020.10.19-10.46.39:790][  0]SourceControl: Source control is disabled
[2020.10.19-10.46.39:806][  0]SourceControl: Source control is disabled
[2020.10.19-10.46.40:184][  0]LogAndroidPermission: UAndroidPermissionCallbackProxy::GetInstance
[2020.10.19-10.46.40:210][  0]LogAudioCaptureCore: Display: No Audio Capture implementations found. Audio input will be silent.
[2020.10.19-10.46.40:210][  0]LogAudioCaptureCore: Display: No Audio Capture implementations found. Audio input will be silent.
[2020.10.19-10.46.40:308][  0]LogHoudiniEngine: Starting the Houdini Engine module.
[2020.10.19-10.46.40:331][  0]LogHoudiniEngine: Loaded libHAPIL.dll from Registry path C:/Program Files/Side Effects Software/Houdini 18.0.566/bin
[2020.10.19-10.46.40:341][  0]LogLinker: Warning: Asset '../../Plugins/Runtime/HoudiniEngine/Content/houdini_logo.uasset' has been saved with empty engine version. The asset will be loaded but may be incompatible.
[2020.10.19-10.46.40:358][  0]LogLinker: Warning: Asset '../../Plugins/Runtime/HoudiniEngine/Content/houdini_default_material.uasset' has been saved with empty engine version. The asset will be loaded but may be incompatible.
[2020.10.19-10.46.40:372][  0]LogLinker: Warning: Asset '../../Plugins/Runtime/HoudiniEngine/Content/houdini_bgeo_import.uasset' has been saved with empty engine version. The asset will be loaded but may be incompatible.
[2020.10.19-10.46.40:418][  0]LogOcInput: OculusInput pre-init called
[2020.10.19-10.46.40:436][  0]LogWindows: Failed to load 'OVRPlugin.dll' (GetLastError=126)
[2020.10.19-10.46.40:436][  0]LogWindows: File 'OVRPlugin.dll' does not exist
[2020.10.19-10.46.40:527][  0]LogEngine: Initializing Engine...
[2020.10.19-10.46.40:528][  0]LogHMD: Failed to initialize OpenVR with code 110
[2020.10.19-10.46.40:528][  0]LogMagicLeap: Warning: VR disabled because ZI is not enabled.  To enable, in the editor, Edit -> Project Settings -> Plugins -> Magic Leap Plugin -> Enable Zero Iteration
[2020.10.19-10.46.40:530][  0]LogStats: UGameplayTagsManager::InitializeManager -  0.000 s
[2020.10.19-10.46.40:717][  0]LogInit: Initializing FReadOnlyCVARCache
[2020.10.19-10.46.40:727][  0]LogAIModule: Creating AISystem for world Untitled
[2020.10.19-10.46.40:727][  0]LogAISub: UAISubsystem::UAISubsystem EnvQueryManager (000002DACCE33C00), frame # 0
[2020.10.19-10.46.40:727][  0]LogAISub: UAISubsystem::UAISubsystem AIPerceptionSystem (000002DACCE8CB80), frame # 0
[2020.10.19-10.46.40:756][  0]LogAudioMixer: Display: Audio Mixer Platform Settings:
[2020.10.19-10.46.40:756][  0]LogAudioMixer: Display: 	Sample Rate:						  48000
[2020.10.19-10.46.40:756][  0]LogAudioMixer: Display: 	Callback Buffer Frame Size Requested: 1024
[2020.10.19-10.46.40:756][  0]LogAudioMixer: Display: 	Callback Buffer Frame Size To Use:	  1024
[2020.10.19-10.46.40:756][  0]LogAudioMixer: Display: 	Number of buffers to queue:			  2
[2020.10.19-10.46.40:756][  0]LogAudioMixer: Display: 	Max Channels (voices):				  32
[2020.10.19-10.46.40:756][  0]LogAudioMixer: Display: 	Number of Async Source Workers:		  0
[2020.10.19-10.46.40:756][  0]LogAudio: Display: AudioDevice MaxSources: 32
[2020.10.19-10.46.40:757][  0]LogAudio: Display: Using built-in audio occlusion.
[2020.10.19-10.46.40:757][  0]LogAudioMixer: Display: Initializing audio mixer.
[2020.10.19-10.46.40:791][  0]LogAudioMixer: Display: 0: FrontLeft
[2020.10.19-10.46.40:791][  0]LogAudioMixer: Display: 1: FrontRight
[2020.10.19-10.46.41:707][  0]LogAudioMixer: Display: Using Audio Device Speakers (Conexant SmartAudio HD)
[2020.10.19-10.46.41:713][  0]LogAudioMixer: Display: Initializing Sound Submixes...
[2020.10.19-10.46.41:717][  0]LogAudioMixer: Display: Creating Master Submix 'MasterSubmixDefault'
[2020.10.19-10.46.41:717][  0]LogAudioMixer: Display: Creating Master Submix 'MasterReverbSubmixDefault'
[2020.10.19-10.46.41:718][  0]LogAudioMixer: Display: Creating Master Submix 'MasterEQSubmixDefault'
[2020.10.19-10.46.41:720][  0]LogInit: FAudioDevice initialized.
[2020.10.19-10.46.41:720][  0]LogNetVersion: Set ProjectVersion to 1.0.0.0. Version Checksum will be recalculated on next use.
[2020.10.19-10.46.41:832][  0]LogDerivedDataCache: Saved boot cache 0.11s 92MB C:/Users/DAN/AppData/Local/UnrealEngine/4.25/DerivedDataCache/Boot.ddc.
[2020.10.19-10.46.41:839][  0]LogInit: Texture streaming: Enabled
[2020.10.19-10.46.41:865][  0]LogEngineSessionManager: EngineSessionManager initialized
[2020.10.19-10.46.41:866][  0]LogEditorSessionSummary: Verbose: Initializing EditorSessionSummaryWriter for editor session tracking
[2020.10.19-10.46.41:870][  0]LogEditorSessionSummary: EditorSessionSummaryWriter initialized
[2020.10.19-10.46.41:975][  0]LogInit: Transaction tracking system initialized
[2020.10.19-10.46.42:007][  0]BlueprintLog: New page: Editor Load
[2020.10.19-10.46.42:122][  0]LocalizationService: Localization service is disabled
[2020.10.19-10.46.42:739][  0]LogCook: Display: Max memory allowance for cook 16384mb min free memory 0mb
[2020.10.19-10.46.42:739][  0]LogCook: Display: Mobile HDR setting 1
[2020.10.19-10.46.42:805][  0]LogFileCache: Scanning file cache for directory 'D:/Projects/UE4UdemyCXX/Section4/Escapegame/Content/' took 0.00s
[2020.10.19-10.46.42:970][  0]LogHoudiniEngineEditor: Starting the Houdini Engine Editor module.
[2020.10.19-10.46.42:977][  0]LogHoudiniEngineEditor: Houdini Engine Editor module startup complete.
[2020.10.19-10.46.43:416][  0]SourceControl: Source control is disabled
[2020.10.19-10.46.43:416][  0]LogUnrealEdMisc: Loading editor; pre map load, took 12.513
[2020.10.19-10.46.43:416][  0]Cmd: MAP LOAD FILE="D:/Projects/UE4UdemyCXX/Section4/Escapegame/Content/Maps/Main.umap" TEMPLATE=0 SHOWPROGRESS=1 FEATURELEVEL=3
[2020.10.19-10.46.43:430][  0]LightingResults: New page: Lighting Build
[2020.10.19-10.46.43:431][  0]LogWorld: UWorld::CleanupWorld for Untitled, bSessionEnded=true, bCleanupResources=true
[2020.10.19-10.46.43:431][  0]LogSlate: InvalidateAllWidgets triggered.  All widgets were invalidated
[2020.10.19-10.46.43:432][  0]MapCheck: New page: Map Check
[2020.10.19-10.46.43:432][  0]LightingResults: New page: Lighting Build
[2020.10.19-10.46.43:448][  0]LogAISub: UAISubsystem::~UAISubsystem EnvQueryManager (000002DACCE33C00), frame # 0
[2020.10.19-10.46.43:448][  0]LogAISub: UAISubsystem::~UAISubsystem AIPerceptionSystem (000002DACCE8CB80), frame # 0
[2020.10.19-10.46.43:449][  0]LogUObjectHash: Compacting FUObjectHashTables data took   0.87ms
[2020.10.19-10.46.43:982][  0]LogAIModule: Creating AISystem for world Main
[2020.10.19-10.46.43:983][  0]LogAISub: UAISubsystem::UAISubsystem EnvQueryManager (000002DAB16EE400), frame # 0
[2020.10.19-10.46.43:983][  0]LogAISub: UAISubsystem::UAISubsystem AIPerceptionSystem (000002DAB9853740), frame # 0
[2020.10.19-10.46.44:003][  0]LogEditorServer: Finished looking for orphan Actors (0.000 secs)
[2020.10.19-10.46.44:021][  0]LogUObjectHash: Compacting FUObjectHashTables data took   2.42ms
[2020.10.19-10.46.44:021][  0]Cmd: MAP CHECKDEP NOCLEARLOG
[2020.10.19-10.46.44:021][  0]MapCheck: Map check complete: 0 Error(s), 0 Warning(s), took 0.174ms to complete.
[2020.10.19-10.46.44:021][  0]LogFileHelpers: Loading map 'Main' took 0.605
[2020.10.19-10.46.44:025][  0]LogUnrealEdMisc: Total Editor Startup Time, took 13.122
[2020.10.19-10.46.44:749][  0]LogHoudiniEngine: Error: Hapi failed: 
[2020.10.19-10.46.44:875][  0]LogSlate: Updating window title bar state: overlay mode, drag disabled, window buttons hidden, title bar hidden
[2020.10.19-10.46.44:891][  0]LogSlate: Updating window title bar state: overlay mode, drag disabled, window buttons hidden, title bar hidden
[2020.10.19-10.46.44:905][  0]LogSlate: Updating window title bar state: overlay mode, drag disabled, window buttons hidden, title bar hidden
[2020.10.19-10.46.44:916][  0]LogSlate: Updating window title bar state: overlay mode, drag disabled, window buttons hidden, title bar hidden
[2020.10.19-10.46.44:929][  0]LogCollectionManager: Loaded 0 collections in 0.003778 seconds
[2020.10.19-10.46.44:966][  0]LogFileCache: Scanning file cache for directory 'D:/Projects/UE4UdemyCXX/Section4/Escapegame/Saved/Collections/' took 0.00s
[2020.10.19-10.46.44:966][  0]LogFileCache: Scanning file cache for directory 'D:/Projects/UE4UdemyCXX/Section4/Escapegame/Content/Developers/DAN/Collections/' took 0.00s
[2020.10.19-10.46.44:966][  0]LogFileCache: Scanning file cache for directory 'D:/Projects/UE4UdemyCXX/Section4/Escapegame/Content/Collections/' took 0.00s
[2020.10.19-10.46.44:966][  0]LogContentBrowser: Native class hierarchy populated in 0.0259 seconds. Added 3468 classes and 830 folders.
[2020.10.19-10.46.44:977][  0]LogContentBrowser: Native class hierarchy updated for 'WidgetCarousel' in 0.0007 seconds. Added 0 classes and 0 folders.
[2020.10.19-10.46.45:075][  0]LogContentBrowser: Native class hierarchy updated for 'AddContentDialog' in 0.0007 seconds. Added 0 classes and 0 folders.
[2020.10.19-10.46.45:082][  0]LogContentBrowser: Native class hierarchy updated for 'SceneOutliner' in 0.0008 seconds. Added 2 classes and 0 folders.
[2020.10.19-10.46.45:104][  0]LogContentBrowser: Native class hierarchy updated for 'WorldBrowser' in 0.0008 seconds. Added 2 classes and 3 folders.
[2020.10.19-10.46.45:297][  0]LogSlate: Took 0.000437 seconds to synchronously load lazily loaded font '../../../Engine/Content/Slate/Fonts/Roboto-Regular.ttf' (155K)
[2020.10.19-10.46.45:303][  0]LogSlate: Took 0.000274 seconds to synchronously load lazily loaded font '../../../Engine/Content/Slate/Fonts/Roboto-Bold.ttf' (160K)
[2020.10.19-10.46.45:312][  0]LogSlate: Took 0.000232 seconds to synchronously load lazily loaded font '../../../Engine/Content/Editor/Slate/Fonts/FontAwesome.ttf' (139K)
[2020.10.19-10.46.45:453][  0]LogRenderer: Reallocating scene render targets to support 1140x600 Format 9 NumSamples 1 (Frame:1).
[2020.10.19-10.46.45:615][  0]LogContentBrowser: Native class hierarchy updated for 'HierarchicalLODOutliner' in 0.0010 seconds. Added 0 classes and 0 folders.
[2020.10.19-10.46.45:616][  0]LogLoad: (Engine Initialization) Total time: 14.71 seconds
[2020.10.19-10.46.45:616][  0]LogLoad: (Engine Initialization) Total Blueprint compile time: 0.00 seconds
[2020.10.19-10.46.45:746][  0]LogAssetRegistry: Asset discovery search completed in 8.3239 seconds
[2020.10.19-10.46.45:753][  0]LogCollectionManager: Fixed up redirectors for 0 collections in 0.000004 seconds (updated 0 objects)
[2020.10.19-10.46.45:754][  0]LogContentStreaming: Texture pool size now 600 MB
[2020.10.19-10.46.45:816][  0]LogSlate: Took 0.000230 seconds to synchronously load lazily loaded font '../../../Engine/Content/Slate/Fonts/Roboto-Light.ttf' (167K)
[2020.10.19-10.50.44:350][ 29]Candidate modules for hot reload:
[2020.10.19-10.50.44:350][ 29]  Escapegame
[2020.10.19-10.50.44:350][ 29]Launching UnrealBuildTool... [C:/Program Files/Epic Games/UE_4.25/Engine/Binaries/DotNET/UnrealBuildTool.exe  -ModuleWithSuffix=Escapegame,91 EscapegameEditor Win64 Development -Project="D:/Projects/UE4UdemyCXX/Section4/Escapegame/Escapegame.uproject" "D:/Projects/UE4UdemyCXX/Section4/Escapegame/Escapegame.uproject"  -IgnoreJunk]
[2020.10.19-10.50.44:353][ 29]Warning: Starting HotReload took  0.0s.
[2020.10.19-10.50.49:571][ 58]CompilerResultsLog: New page: Compilation - Oct 19, 2020, 8:50:49 PM
[2020.10.19-10.50.49:578][ 58]CompilerResultsLog: Building EscapegameEditor...
[2020.10.19-10.50.49:578][ 58]CompilerResultsLog: Using Visual Studio 2019 14.27.29111 toolchain (D:\Program Files\VisualStudio\2019\VC\Tools\MSVC\14.27.29110) and Windows 10.0.18362.0 SDK (C:\Program Files (x86)\Windows Kits\10).
[2020.10.19-10.50.49:578][ 58]CompilerResultsLog: Building 3 actions with 4 processes...
[2020.10.19-10.50.49:578][ 58]CompilerResultsLog:   [1/3] UE4Editor-Escapegame-0091.lib
[2020.10.19-10.50.49:578][ 58]CompilerResultsLog:      Creating library D:\Projects\UE4UdemyCXX\Section4\Escapegame\Intermediate\Build\Win64\UE4Editor\Development\Escapegame\UE4Editor-Escapegame-0091.lib and object D:\Projects\UE4UdemyCXX\Section4\Escapegame\Intermediate\Build\Win64\UE4Editor\Development\Escapegame\UE4Editor-Escapegame-0091.exp
[2020.10.19-10.50.49:578][ 58]CompilerResultsLog:   [2/3] UE4Editor-Escapegame-0091.dll
[2020.10.19-10.50.49:578][ 58]CompilerResultsLog:      Creating library D:\Projects\UE4UdemyCXX\Section4\Escapegame\Intermediate\Build\Win64\UE4Editor\Development\Escapegame\UE4Editor-Escapegame-0091.suppressed.lib and object D:\Projects\UE4UdemyCXX\Section4\Escapegame\Intermediate\Build\Win64\UE4Editor\Development\Escapegame\UE4Editor-Escapegame-0091.suppressed.exp
[2020.10.19-10.50.49:578][ 58]CompilerResultsLog:   [3/3] EscapegameEditor.target
[2020.10.19-10.50.49:578][ 58]CompilerResultsLog: Total time in Parallel executor: 2.77 seconds
[2020.10.19-10.50.49:578][ 58]CompilerResultsLog: Total execution time: 4.79 seconds
[2020.10.19-10.50.49:579][ 58]LogMainFrame: MainFrame: Module compiling took 5.255 seconds
[2020.10.19-10.50.49:603][ 58]LogContentBrowser: Native class hierarchy populated in 0.0143 seconds. Added 3470 classes and 833 folders.
[2020.10.19-10.50.49:606][ 58]Display: HotReload took  5.3s.
[2020.10.19-10.57.03:767][208]Candidate modules for hot reload:
[2020.10.19-10.57.03:767][208]  Escapegame
[2020.10.19-10.57.03:767][208]Launching UnrealBuildTool... [C:/Program Files/Epic Games/UE_4.25/Engine/Binaries/DotNET/UnrealBuildTool.exe  -ModuleWithSuffix=Escapegame,4104 EscapegameEditor Win64 Development -Project="D:/Projects/UE4UdemyCXX/Section4/Escapegame/Escapegame.uproject" "D:/Projects/UE4UdemyCXX/Section4/Escapegame/Escapegame.uproject"  -IgnoreJunk]
[2020.10.19-10.57.03:772][208]Warning: Starting HotReload took  0.0s.
[2020.10.19-10.57.26:059][683]LogSlate: Took 0.000210 seconds to synchronously load lazily loaded font '../../../Engine/Content/Slate/Fonts/DroidSansMono.ttf' (77K)
[2020.10.19-10.58.22:731][142]CompilerResultsLog: New page: Compilation - Oct 19, 2020, 8:58:22 PM
[2020.10.19-10.58.22:731][142]CompilerResultsLog: Parsing headers for EscapegameEditor
[2020.10.19-10.58.22:731][142]CompilerResultsLog:   Running UnrealHeaderTool "D:\Projects\UE4UdemyCXX\Section4\Escapegame\Escapegame.uproject" "D:\Projects\UE4UdemyCXX\Section4\Escapegame\Intermediate\Build\Win64\EscapegameEditor\Development\EscapegameEditor.uhtmanifest" -LogCmds="loginit warning, logexit warning, logdatabase error" -Unattended -WarningsAsErrors -abslog="C:\Users\DAN\AppData\Local\UnrealBuildTool\Log_UHT.txt" -installed
[2020.10.19-10.58.22:731][142]CompilerResultsLog: Reflection code generated for EscapegameEditor in 64.9790052 seconds
[2020.10.19-10.58.22:731][142]CompilerResultsLog: Building EscapegameEditor...
[2020.10.19-10.58.22:732][142]CompilerResultsLog: Using Visual Studio 2019 14.27.29111 toolchain (D:\Program Files\VisualStudio\2019\VC\Tools\MSVC\14.27.29110) and Windows 10.0.18362.0 SDK (C:\Program Files (x86)\Windows Kits\10).
[2020.10.19-10.58.22:732][142]CompilerResultsLog: Building 5 actions with 4 processes...
[2020.10.19-10.58.22:732][142]CompilerResultsLog:   [1/5] Grabber.cpp
[2020.10.19-10.58.22:732][142]CompilerResultsLog:    D:\Projects\UE4UdemyCXX\Section4\Escapegame\Source\Escapegame\Grabber.h(32) : error C2144: syntax error: 'void' should be preceded by ';'
[2020.10.19-10.58.22:732][142]CompilerResultsLog:    D:\Projects\UE4UdemyCXX\Section4\Escapegame\Source\Escapegame\Grabber.h(30) : error C2182: 'Find': illegal use of type 'void'
[2020.10.19-10.58.22:732][142]CompilerResultsLog:   [2/5] Grabber.gen.cpp
[2020.10.19-10.58.22:732][142]CompilerResultsLog:    D:\Projects\UE4UdemyCXX\Section4\Escapegame\Source\Escapegame/Grabber.h(32) : error C2144: syntax error: 'void' should be preceded by ';'
[2020.10.19-10.58.22:732][142]CompilerResultsLog:    D:\Projects\UE4UdemyCXX\Section4\Escapegame\Source\Escapegame/Grabber.h(30) : error C2182: 'Find': illegal use of type 'void'
[2020.10.19-10.58.22:732][142]LogMainFrame: MainFrame: Module compiling took 78.986 seconds
[2020.10.19-10.58.22:732][142]Warning: HotReload failed, recompile failed
[2020.10.19-11.00.17:891][761]Candidate modules for hot reload:
[2020.10.19-11.00.17:891][761]  Escapegame
[2020.10.19-11.00.17:891][761]Launching UnrealBuildTool... [C:/Program Files/Epic Games/UE_4.25/Engine/Binaries/DotNET/UnrealBuildTool.exe  -ModuleWithSuffix=Escapegame,2933 EscapegameEditor Win64 Development -Project="D:/Projects/UE4UdemyCXX/Section4/Escapegame/Escapegame.uproject" "D:/Projects/UE4UdemyCXX/Section4/Escapegame/Escapegame.uproject"  -IgnoreJunk]
[2020.10.19-11.00.17:894][761]Warning: Starting HotReload took  0.0s.
[2020.10.19-11.00.39:073][816]CompilerResultsLog: New page: Compilation - Oct 19, 2020, 9:00:39 PM
[2020.10.19-11.00.39:073][816]CompilerResultsLog: Parsing headers for EscapegameEditor
[2020.10.19-11.00.39:073][816]CompilerResultsLog:   Running UnrealHeaderTool "D:\Projects\UE4UdemyCXX\Section4\Escapegame\Escapegame.uproject" "D:\Projects\UE4UdemyCXX\Section4\Escapegame\Intermediate\Build\Win64\EscapegameEditor\Development\EscapegameEditor.uhtmanifest" -LogCmds="loginit warning, logexit warning, logdatabase error" -Unattended -WarningsAsErrors -abslog="C:\Users\DAN\AppData\Local\UnrealBuildTool\Log_UHT.txt" -installed
[2020.10.19-11.00.39:073][816]CompilerResultsLog: Reflection code generated for EscapegameEditor in 12.2034922 seconds
[2020.10.19-11.00.39:073][816]CompilerResultsLog: Building EscapegameEditor...
[2020.10.19-11.00.39:073][816]CompilerResultsLog: Using Visual Studio 2019 14.27.29111 toolchain (D:\Program Files\VisualStudio\2019\VC\Tools\MSVC\14.27.29110) and Windows 10.0.18362.0 SDK (C:\Program Files (x86)\Windows Kits\10).
[2020.10.19-11.00.39:073][816]CompilerResultsLog: Building 5 actions with 4 processes...
[2020.10.19-11.00.39:073][816]CompilerResultsLog:   [1/5] Grabber.cpp
[2020.10.19-11.00.39:074][816]CompilerResultsLog:    D:\Projects\UE4UdemyCXX\Section4\Escapegame\Source\Escapegame\Grabber.cpp(29) : error C2143: syntax error: missing ';' before '}'
[2020.10.19-11.00.39:074][816]CompilerResultsLog:    D:\Projects\UE4UdemyCXX\Section4\Escapegame\Source\Escapegame\Grabber.cpp(33) : error C2065: 'InputComponent': undeclared identifier
[2020.10.19-11.00.39:074][816]CompilerResultsLog:    D:\Projects\UE4UdemyCXX\Section4\Escapegame\Source\Escapegame\Grabber.cpp(33) : error C3861: 'GetOwner': identifier not found
[2020.10.19-11.00.39:074][816]CompilerResultsLog:    D:\Projects\UE4UdemyCXX\Section4\Escapegame\Source\Escapegame\Grabber.cpp(33) : error C2059: syntax error: ')'
[2020.10.19-11.00.39:074][816]CompilerResultsLog:    D:\Projects\UE4UdemyCXX\Section4\Escapegame\Source\Escapegame\Grabber.cpp(34) : error C2065: 'InputComponent': undeclared identifier
[2020.10.19-11.00.39:074][816]CompilerResultsLog:    D:\Projects\UE4UdemyCXX\Section4\Escapegame\Source\Escapegame\Grabber.cpp(36) : error C3861: 'GetOwner': identifier not found
[2020.10.19-11.00.39:074][816]CompilerResultsLog:    D:\Projects\UE4UdemyCXX\Section4\Escapegame\Source\Escapegame\Grabber.cpp(37) : error C2065: 'InputComponent': undeclared identifier
[2020.10.19-11.00.39:074][816]CompilerResultsLog:    D:\Projects\UE4UdemyCXX\Section4\Escapegame\Source\Escapegame\Grabber.cpp(37) : error C2355: 'this': can only be referenced inside non-static member functions or non-static data member initializers
[2020.10.19-11.00.39:074][816]CompilerResultsLog:    D:\Projects\UE4UdemyCXX\Section4\Escapegame\Source\Escapegame\Grabber.cpp(40) : error C2065: 'InputComponent': undeclared identifier
[2020.10.19-11.00.39:075][816]CompilerResultsLog:    D:\Projects\UE4UdemyCXX\Section4\Escapegame\Source\Escapegame\Grabber.cpp(40) : error C2355: 'this': can only be referenced inside non-static member functions or non-static data member initializers
[2020.10.19-11.00.39:075][816]CompilerResultsLog:    D:\Projects\UE4UdemyCXX\Section4\Escapegame\Source\Escapegame\Grabber.cpp(44) : error C3861: 'GetOwner': identifier not found
[2020.10.19-11.00.39:075][816]CompilerResultsLog:   [2/5] Grabber.gen.cpp
[2020.10.19-11.00.39:075][816]LogMainFrame: MainFrame: Module compiling took 21.202 seconds
[2020.10.19-11.00.39:075][816]Warning: HotReload failed, recompile failed
[2020.10.19-11.01.16:760][630]Candidate modules for hot reload:
[2020.10.19-11.01.16:760][630]  Escapegame
[2020.10.19-11.01.16:760][630]Launching UnrealBuildTool... [C:/Program Files/Epic Games/UE_4.25/Engine/Binaries/DotNET/UnrealBuildTool.exe  -ModuleWithSuffix=Escapegame,6517 EscapegameEditor Win64 Development -Project="D:/Projects/UE4UdemyCXX/Section4/Escapegame/Escapegame.uproject" "D:/Projects/UE4UdemyCXX/Section4/Escapegame/Escapegame.uproject"  -IgnoreJunk]
[2020.10.19-11.01.16:762][630]Warning: Starting HotReload took  0.0s.
[2020.10.19-11.01.23:150][724]CompilerResultsLog: New page: Compilation - Oct 19, 2020, 9:01:23 PM
[2020.10.19-11.01.23:150][724]CompilerResultsLog: Building EscapegameEditor...
[2020.10.19-11.01.23:150][724]CompilerResultsLog: Using Visual Studio 2019 14.27.29111 toolchain (D:\Program Files\VisualStudio\2019\VC\Tools\MSVC\14.27.29110) and Windows 10.0.18362.0 SDK (C:\Program Files (x86)\Windows Kits\10).
[2020.10.19-11.01.23:150][724]CompilerResultsLog: Building 4 actions with 4 processes...
[2020.10.19-11.01.23:150][724]CompilerResultsLog:   [1/4] Grabber.cpp
[2020.10.19-11.01.23:150][724]CompilerResultsLog:    D:\Projects\UE4UdemyCXX\Section4\Escapegame\Source\Escapegame\Grabber.cpp(33) : error C2065: 'InputComponent': undeclared identifier
[2020.10.19-11.01.23:150][724]CompilerResultsLog:    D:\Projects\UE4UdemyCXX\Section4\Escapegame\Source\Escapegame\Grabber.cpp(33) : error C3861: 'GetOwner': identifier not found
[2020.10.19-11.01.23:150][724]CompilerResultsLog:    D:\Projects\UE4UdemyCXX\Section4\Escapegame\Source\Escapegame\Grabber.cpp(33) : error C2059: syntax error: ')'
[2020.10.19-11.01.23:151][724]CompilerResultsLog:    D:\Projects\UE4UdemyCXX\Section4\Escapegame\Source\Escapegame\Grabber.cpp(34) : error C2065: 'InputComponent': undeclared identifier
[2020.10.19-11.01.23:151][724]CompilerResultsLog:    D:\Projects\UE4UdemyCXX\Section4\Escapegame\Source\Escapegame\Grabber.cpp(36) : error C3861: 'GetOwner': identifier not found
[2020.10.19-11.01.23:151][724]CompilerResultsLog:    D:\Projects\UE4UdemyCXX\Section4\Escapegame\Source\Escapegame\Grabber.cpp(37) : error C2065: 'InputComponent': undeclared identifier
[2020.10.19-11.01.23:151][724]CompilerResultsLog:    D:\Projects\UE4UdemyCXX\Section4\Escapegame\Source\Escapegame\Grabber.cpp(37) : error C2355: 'this': can only be referenced inside non-static member functions or non-static data member initializers
[2020.10.19-11.01.23:151][724]CompilerResultsLog:    D:\Projects\UE4UdemyCXX\Section4\Escapegame\Source\Escapegame\Grabber.cpp(40) : error C2065: 'InputComponent': undeclared identifier
[2020.10.19-11.01.23:151][724]CompilerResultsLog:    D:\Projects\UE4UdemyCXX\Section4\Escapegame\Source\Escapegame\Grabber.cpp(40) : error C2355: 'this': can only be referenced inside non-static member functions or non-static data member initializers
[2020.10.19-11.01.23:151][724]CompilerResultsLog:    D:\Projects\UE4UdemyCXX\Section4\Escapegame\Source\Escapegame\Grabber.cpp(44) : error C3861: 'GetOwner': identifier not found
[2020.10.19-11.01.23:151][724]LogMainFrame: MainFrame: Module compiling took 6.405 seconds
[2020.10.19-11.01.23:151][724]Warning: HotReload failed, recompile failed
[2020.10.19-11.02.18:219][278]Candidate modules for hot reload:
[2020.10.19-11.02.18:219][278]  Escapegame
[2020.10.19-11.02.18:220][278]Launching UnrealBuildTool... [C:/Program Files/Epic Games/UE_4.25/Engine/Binaries/DotNET/UnrealBuildTool.exe  -ModuleWithSuffix=Escapegame,270 EscapegameEditor Win64 Development -Project="D:/Projects/UE4UdemyCXX/Section4/Escapegame/Escapegame.uproject" "D:/Projects/UE4UdemyCXX/Section4/Escapegame/Escapegame.uproject"  -IgnoreJunk]
[2020.10.19-11.02.18:223][278]Warning: Starting HotReload took  0.0s.
[2020.10.19-11.02.39:290][850]CompilerResultsLog: New page: Compilation - Oct 19, 2020, 9:02:39 PM
[2020.10.19-11.02.39:290][850]CompilerResultsLog: Parsing headers for EscapegameEditor
[2020.10.19-11.02.39:290][850]CompilerResultsLog:   Running UnrealHeaderTool "D:\Projects\UE4UdemyCXX\Section4\Escapegame\Escapegame.uproject" "D:\Projects\UE4UdemyCXX\Section4\Escapegame\Intermediate\Build\Win64\EscapegameEditor\Development\EscapegameEditor.uhtmanifest" -LogCmds="loginit warning, logexit warning, logdatabase error" -Unattended -WarningsAsErrors -abslog="C:\Users\DAN\AppData\Local\UnrealBuildTool\Log_UHT.txt" -installed
[2020.10.19-11.02.39:291][850]CompilerResultsLog: Reflection code generated for EscapegameEditor in 13.1759404 seconds
[2020.10.19-11.02.39:291][850]CompilerResultsLog: Building EscapegameEditor...
[2020.10.19-11.02.39:291][850]CompilerResultsLog: Using Visual Studio 2019 14.27.29111 toolchain (D:\Program Files\VisualStudio\2019\VC\Tools\MSVC\14.27.29110) and Windows 10.0.18362.0 SDK (C:\Program Files (x86)\Windows Kits\10).
[2020.10.19-11.02.39:291][850]CompilerResultsLog: Building 6 actions with 4 processes...
[2020.10.19-11.02.39:291][850]CompilerResultsLog:   [1/6] Grabber.cpp
[2020.10.19-11.02.39:291][850]CompilerResultsLog:    D:\Projects\UE4UdemyCXX\Section4\Escapegame\Source\Escapegame\Grabber.cpp(33) : error C2065: 'InputComponent': undeclared identifier
[2020.10.19-11.02.39:291][850]CompilerResultsLog:    D:\Projects\UE4UdemyCXX\Section4\Escapegame\Source\Escapegame\Grabber.cpp(33) : error C3861: 'GetOwner': identifier not found
[2020.10.19-11.02.39:291][850]CompilerResultsLog:    D:\Projects\UE4UdemyCXX\Section4\Escapegame\Source\Escapegame\Grabber.cpp(33) : error C2059: syntax error: ')'
[2020.10.19-11.02.39:291][850]CompilerResultsLog:    D:\Projects\UE4UdemyCXX\Section4\Escapegame\Source\Escapegame\Grabber.cpp(34) : error C2065: 'InputComponent': undeclared identifier
[2020.10.19-11.02.39:291][850]CompilerResultsLog:    D:\Projects\UE4UdemyCXX\Section4\Escapegame\Source\Escapegame\Grabber.cpp(36) : error C3861: 'GetOwner': identifier not found
[2020.10.19-11.02.39:291][850]CompilerResultsLog:    D:\Projects\UE4UdemyCXX\Section4\Escapegame\Source\Escapegame\Grabber.cpp(37) : error C2065: 'InputComponent': undeclared identifier
[2020.10.19-11.02.39:291][850]CompilerResultsLog:    D:\Projects\UE4UdemyCXX\Section4\Escapegame\Source\Escapegame\Grabber.cpp(37) : error C2355: 'this': can only be referenced inside non-static member functions or non-static data member initializers
[2020.10.19-11.02.39:291][850]CompilerResultsLog:    D:\Projects\UE4UdemyCXX\Section4\Escapegame\Source\Escapegame\Grabber.cpp(40) : error C2065: 'InputComponent': undeclared identifier
[2020.10.19-11.02.39:291][850]CompilerResultsLog:    D:\Projects\UE4UdemyCXX\Section4\Escapegame\Source\Escapegame\Grabber.cpp(40) : error C2355: 'this': can only be referenced inside non-static member functions or non-static data member initializers
[2020.10.19-11.02.39:291][850]CompilerResultsLog:    D:\Projects\UE4UdemyCXX\Section4\Escapegame\Source\Escapegame\Grabber.cpp(44) : error C3861: 'GetOwner': identifier not found
[2020.10.19-11.02.39:292][850]CompilerResultsLog:   [2/6] Escapegame.init.gen.cpp
[2020.10.19-11.02.39:292][850]CompilerResultsLog:   [3/6] Grabber.gen.cpp
[2020.10.19-11.02.39:292][850]LogMainFrame: MainFrame: Module compiling took 21.087 seconds
[2020.10.19-11.02.39:292][850]Warning: HotReload failed, recompile failed
[2020.10.19-11.02.53:218][964]Candidate modules for hot reload:
[2020.10.19-11.02.53:219][964]  Escapegame
[2020.10.19-11.02.53:219][964]Launching UnrealBuildTool... [C:/Program Files/Epic Games/UE_4.25/Engine/Binaries/DotNET/UnrealBuildTool.exe  -ModuleWithSuffix=Escapegame,4169 EscapegameEditor Win64 Development -Project="D:/Projects/UE4UdemyCXX/Section4/Escapegame/Escapegame.uproject" "D:/Projects/UE4UdemyCXX/Section4/Escapegame/Escapegame.uproject"  -IgnoreJunk]
[2020.10.19-11.02.53:222][964]Warning: Starting HotReload took  0.0s.
[2020.10.19-11.03.04:756][ 58]CompilerResultsLog: New page: Compilation - Oct 19, 2020, 9:03:04 PM
[2020.10.19-11.03.04:756][ 58]CompilerResultsLog: Building EscapegameEditor...
[2020.10.19-11.03.04:757][ 58]CompilerResultsLog: Using Visual Studio 2019 14.27.29111 toolchain (D:\Program Files\VisualStudio\2019\VC\Tools\MSVC\14.27.29110) and Windows 10.0.18362.0 SDK (C:\Program Files (x86)\Windows Kits\10).
[2020.10.19-11.03.04:757][ 58]CompilerResultsLog: Building 4 actions with 4 processes...
[2020.10.19-11.03.04:757][ 58]CompilerResultsLog:   [1/4] Grabber.cpp
[2020.10.19-11.03.04:757][ 58]CompilerResultsLog:   [2/4] UE4Editor-Escapegame-4169.lib
[2020.10.19-11.03.04:757][ 58]CompilerResultsLog:      Creating library D:\Projects\UE4UdemyCXX\Section4\Escapegame\Intermediate\Build\Win64\UE4Editor\Development\Escapegame\UE4Editor-Escapegame-4169.lib and object D:\Projects\UE4UdemyCXX\Section4\Escapegame\Intermediate\Build\Win64\UE4Editor\Development\Escapegame\UE4Editor-Escapegame-4169.exp
[2020.10.19-11.03.04:757][ 58]CompilerResultsLog:   [3/4] UE4Editor-Escapegame-4169.dll
[2020.10.19-11.03.04:757][ 58]CompilerResultsLog:      Creating library D:\Projects\UE4UdemyCXX\Section4\Escapegame\Intermediate\Build\Win64\UE4Editor\Development\Escapegame\UE4Editor-Escapegame-4169.suppressed.lib and object D:\Projects\UE4UdemyCXX\Section4\Escapegame\Intermediate\Build\Win64\UE4Editor\Development\Escapegame\UE4Editor-Escapegame-4169.suppressed.exp
[2020.10.19-11.03.04:757][ 58]CompilerResultsLog:   [4/4] EscapegameEditor.target
[2020.10.19-11.03.04:757][ 58]CompilerResultsLog: Total time in Parallel executor: 8.41 seconds
[2020.10.19-11.03.04:757][ 58]CompilerResultsLog: Total execution time: 11.06 seconds
[2020.10.19-11.03.04:758][ 58]LogMainFrame: MainFrame: Module compiling took 11.555 seconds
[2020.10.19-11.03.04:808][ 58]LogClass: Could not find existing class Grabber in package /Script/Escapegame for HotReload, assuming new class
[2020.10.19-11.03.04:819][ 58]LogHotReload: Re-instancing Grabber after hot-reload.
[2020.10.19-11.03.04:828][ 58]LogContentBrowser: Native class hierarchy updated for 'Escapegame' in 0.0010 seconds. Added 4 classes and 2 folders.
[2020.10.19-11.03.04:829][ 58]Display: HotReload successful (0 functions remapped  0 scriptstructs remapped)
[2020.10.19-11.03.04:954][ 58]LogContentBrowser: Native class hierarchy populated in 0.0201 seconds. Added 3470 classes and 833 folders.
[2020.10.19-11.03.04:954][ 58]Display: HotReload took 11.8s.
[2020.10.19-11.03.10:405][158]LogTemp: Repeating last play command: Selected Viewport
[2020.10.19-11.03.10:433][158]LogPlayLevel: PlayLevel: No blueprints needed recompiling
[2020.10.19-11.03.10:433][158]PIE: New page: PIE session: Main (Oct 19, 2020, 9:03:10 PM)
[2020.10.19-11.03.10:435][158]LogOnline: OSS: Creating online subsystem instance for: NULL
[2020.10.19-11.03.10:436][158]LogOnline: OSS: TryLoadSubsystemAndSetDefault: Loaded subsystem for module [NULL]
[2020.10.19-11.03.10:436][158]LogPlayLevel: Creating play world package: /Game/Maps/UEDPIE_0_Main
[2020.10.19-11.03.10:443][158]LogPlayLevel: PIE: StaticDuplicateObject took: (0.006150s)
[2020.10.19-11.03.10:445][158]LogAIModule: Creating AISystem for world Main
[2020.10.19-11.03.10:445][158]LogAISub: UAISubsystem::UAISubsystem EnvQueryManager (000002DAE2C4EC00), frame # 7158
[2020.10.19-11.03.10:445][158]LogAISub: UAISubsystem::UAISubsystem AIPerceptionSystem (000002DA891B6C00), frame # 7158
[2020.10.19-11.03.10:446][158]LogPlayLevel: PIE: World Init took: (0.002831s)
[2020.10.19-11.03.10:446][158]LogPlayLevel: PIE: Created PIE world by copying editor world from /Game/Maps/Main.Main to /Game/Maps/UEDPIE_0_Main.Main (0.009252s)
[2020.10.19-11.03.10:460][158]LogUObjectHash: Compacting FUObjectHashTables data took   1.02ms
[2020.10.19-11.03.10:463][158]LogAudioMixer: Display: Audio Mixer Platform Settings:
[2020.10.19-11.03.10:463][158]LogAudioMixer: Display: 	Sample Rate:						  48000
[2020.10.19-11.03.10:463][158]LogAudioMixer: Display: 	Callback Buffer Frame Size Requested: 1024
[2020.10.19-11.03.10:463][158]LogAudioMixer: Display: 	Callback Buffer Frame Size To Use:	  1024
[2020.10.19-11.03.10:463][158]LogAudioMixer: Display: 	Number of buffers to queue:			  2
[2020.10.19-11.03.10:463][158]LogAudioMixer: Display: 	Max Channels (voices):				  32
[2020.10.19-11.03.10:463][158]LogAudioMixer: Display: 	Number of Async Source Workers:		  0
[2020.10.19-11.03.10:463][158]LogAudio: Display: AudioDevice MaxSources: 32
[2020.10.19-11.03.10:463][158]LogAudio: Display: Using built-in audio occlusion.
[2020.10.19-11.03.10:463][158]LogAudioMixer: Display: Initializing audio mixer.
[2020.10.19-11.03.10:477][158]LogAudioMixer: Display: 0: FrontLeft
[2020.10.19-11.03.10:477][158]LogAudioMixer: Display: 1: FrontRight
[2020.10.19-11.03.10:617][158]LogAudioMixer: Display: Using Audio Device Speakers (Conexant SmartAudio HD)
[2020.10.19-11.03.10:618][158]LogAudioMixer: Display: Initializing Sound Submixes...
[2020.10.19-11.03.10:618][158]LogAudioMixer: Display: Creating Master Submix 'MasterSubmixDefault'
[2020.10.19-11.03.10:618][158]LogAudioMixer: Display: Creating Master Submix 'MasterReverbSubmixDefault'
[2020.10.19-11.03.10:618][158]LogAudioMixer: Display: Creating Master Submix 'MasterEQSubmixDefault'
[2020.10.19-11.03.10:642][158]LogInit: FAudioDevice initialized.
[2020.10.19-11.03.10:681][158]LogLoad: Game class is 'MyEscapegameGameModeBaseBP_C'
[2020.10.19-11.03.10:684][158]LogWorld: Bringing World /Game/Maps/UEDPIE_0_Main.Main up for play (max tick rate 60) at 2020.10.19-16.03.10
[2020.10.19-11.03.10:684][158]LogWorld: Bringing up level for play took: 0.001932
[2020.10.19-11.03.10:685][158]LogOnline: OSS: Creating online subsystem instance for: :Context_2
[2020.10.19-11.03.10:726][158]LogContentBrowser: Native class hierarchy updated for 'MovieSceneCapture' in 0.0008 seconds. Added 20 classes and 0 folders.
[2020.10.19-11.03.10:729][158]LogTemp: Warning: Physics handle component found on DefaultPawn_BP_C_0!
[2020.10.19-11.03.10:730][158]LogTemp: Warning: Input component found on DefaultPawn_BP_C_0!
[2020.10.19-11.03.10:730][158]PIE: Server logged in
[2020.10.19-11.03.10:732][158]PIE: Play in editor total start time 0.305 seconds.
[2020.10.19-11.03.11:134][173]LogTemp: Warning: Grabber Pressed
[2020.10.19-11.03.13:664][325]LogTemp: Warning: Grabber Released
[2020.10.19-11.03.15:984][464]LogTemp: Warning: Actor Hit name Cube_2
[2020.10.19-11.03.15:999][465]LogTemp: Warning: Actor Hit name Cube_2
[2020.10.19-11.03.16:017][466]LogTemp: Warning: Actor Hit name Cube_2
[2020.10.19-11.03.16:033][467]LogTemp: Warning: Actor Hit name Cube_2
[2020.10.19-11.03.16:049][468]LogTemp: Warning: Actor Hit name Cube_2
[2020.10.19-11.03.16:066][469]LogTemp: Warning: Actor Hit name Cube_2
[2020.10.19-11.03.16:083][470]LogTemp: Warning: Actor Hit name Cube_2
[2020.10.19-11.03.16:099][471]LogTemp: Warning: Actor Hit name Cube_2
[2020.10.19-11.03.16:117][472]LogTemp: Warning: Actor Hit name Cube_2
[2020.10.19-11.03.16:132][473]LogTemp: Warning: Actor Hit name Cube_2
[2020.10.19-11.03.16:149][474]LogTemp: Warning: Actor Hit name Cube_2
[2020.10.19-11.03.16:166][475]LogTemp: Warning: Actor Hit name Cube_2
[2020.10.19-11.03.16:183][476]LogTemp: Warning: Actor Hit name Cube_2
[2020.10.19-11.03.16:199][477]LogTemp: Warning: Actor Hit name Cube_2
[2020.10.19-11.03.16:216][478]LogTemp: Warning: Actor Hit name Cube_2
[2020.10.19-11.03.16:232][479]LogTemp: Warning: Actor Hit name Cube_2
[2020.10.19-11.03.16:250][480]LogTemp: Warning: Actor Hit name Cube_2
[2020.10.19-11.03.16:265][481]LogTemp: Warning: Actor Hit name Cube_2
[2020.10.19-11.03.16:283][482]LogTemp: Warning: Actor Hit name Cube_2
[2020.10.19-11.03.16:299][483]LogTemp: Warning: Actor Hit name Cube_2
[2020.10.19-11.03.16:315][484]LogTemp: Warning: Actor Hit name Cube_2
[2020.10.19-11.03.16:332][485]LogTemp: Warning: Actor Hit name Cube_2
[2020.10.19-11.03.16:351][486]LogTemp: Warning: Actor Hit name Cube_2
[2020.10.19-11.03.16:366][487]LogTemp: Warning: Actor Hit name Cube_2
[2020.10.19-11.03.16:383][488]LogTemp: Warning: Actor Hit name Cube_2
[2020.10.19-11.03.16:399][489]LogTemp: Warning: Actor Hit name Cube_2
[2020.10.19-11.03.16:417][490]LogTemp: Warning: Actor Hit name Cube_2
[2020.10.19-11.03.16:432][491]LogTemp: Warning: Actor Hit name Cube_2
[2020.10.19-11.03.16:450][492]LogTemp: Warning: Actor Hit name Cube_2
[2020.10.19-11.03.16:466][493]LogTemp: Warning: Actor Hit name Cube_2
[2020.10.19-11.03.16:483][494]LogTemp: Warning: Actor Hit name Cube_2
[2020.10.19-11.03.16:499][495]LogTemp: Warning: Actor Hit name Cube_2
[2020.10.19-11.03.16:517][496]LogTemp: Warning: Actor Hit name Cube_2
[2020.10.19-11.03.16:533][497]LogTemp: Warning: Actor Hit name Cube_2
[2020.10.19-11.03.16:550][498]LogTemp: Warning: Actor Hit name Cube_2
[2020.10.19-11.03.16:565][499]LogTemp: Warning: Actor Hit name Cube_2
[2020.10.19-11.03.16:582][500]LogTemp: Warning: Actor Hit name Cube_2
[2020.10.19-11.03.16:599][501]LogTemp: Warning: Actor Hit name Cube_2
[2020.10.19-11.03.16:616][502]LogTemp: Warning: Actor Hit name Cube_2
[2020.10.19-11.03.16:632][503]LogTemp: Warning: Actor Hit name Cube_2
[2020.10.19-11.03.16:649][504]LogTemp: Warning: Actor Hit name Cube_2
[2020.10.19-11.03.16:665][505]LogTemp: Warning: Actor Hit name Cube_2
[2020.10.19-11.03.16:683][506]LogTemp: Warning: Actor Hit name Cube_2
[2020.10.19-11.03.16:699][507]LogTemp: Warning: Actor Hit name Cube_2
[2020.10.19-11.03.16:715][508]LogTemp: Warning: Actor Hit name Cube_2
[2020.10.19-11.03.16:732][509]LogTemp: Warning: Actor Hit name Cube_2
[2020.10.19-11.03.16:750][510]LogTemp: Warning: Actor Hit name Cube_2
[2020.10.19-11.03.16:765][511]LogTemp: Warning: Actor Hit name Cube_2
[2020.10.19-11.03.16:783][512]LogTemp: Warning: Actor Hit name Cube_2
[2020.10.19-11.03.16:799][513]LogTemp: Warning: Actor Hit name Cube_2
[2020.10.19-11.03.16:815][514]LogTemp: Warning: Actor Hit name Cube_2
[2020.10.19-11.03.16:832][515]LogTemp: Warning: Actor Hit name Cube_2
[2020.10.19-11.03.16:850][516]LogTemp: Warning: Actor Hit name Cube_2
[2020.10.19-11.03.16:866][517]LogTemp: Warning: Actor Hit name Cube_2
[2020.10.19-11.03.16:884][518]LogTemp: Warning: Actor Hit name Cube_2
[2020.10.19-11.03.16:899][519]LogTemp: Warning: Actor Hit name Cube_2
[2020.10.19-11.03.16:918][520]LogTemp: Warning: Actor Hit name Cube_2
[2020.10.19-11.03.16:933][521]LogTemp: Warning: Actor Hit name Cube_2
[2020.10.19-11.03.17:467][553]LogTemp: Warning: Grabber Pressed
[2020.10.19-11.03.17:533][557]LogTemp: Warning: Grabber Released
[2020.10.19-11.03.18:152][594]LogTemp: Warning: Grabber Pressed
[2020.10.19-11.03.18:233][599]LogTemp: Warning: Grabber Released
[2020.10.19-11.03.18:319][604]LogTemp: Warning: Grabber Pressed
[2020.10.19-11.03.18:366][607]LogTemp: Warning: Grabber Released
[2020.10.19-11.03.18:668][625]LogTemp: Warning: Grabber Pressed
[2020.10.19-11.03.19:217][658]LogTemp: Warning: Grabber Released
[2020.10.19-11.03.20:668][745]LogTemp: Warning: Actor Hit name Cone_5
[2020.10.19-11.03.20:693][746]LogTemp: Warning: Actor Hit name Cone_5
[2020.10.19-11.03.20:701][747]LogTemp: Warning: Actor Hit name Cone_5
[2020.10.19-11.03.20:718][748]LogTemp: Warning: Actor Hit name Cone_5
[2020.10.19-11.03.20:735][749]LogTemp: Warning: Actor Hit name Cone_5
[2020.10.19-11.03.20:751][750]LogTemp: Warning: Actor Hit name Cone_5
[2020.10.19-11.03.20:768][751]LogTemp: Warning: Actor Hit name Cone_5
[2020.10.19-11.03.20:785][752]LogTemp: Warning: Actor Hit name Cone_5
[2020.10.19-11.03.20:802][753]LogTemp: Warning: Actor Hit name Cone_5
[2020.10.19-11.03.20:818][754]LogTemp: Warning: Actor Hit name Cone_5
[2020.10.19-11.03.20:835][755]LogTemp: Warning: Actor Hit name Cone_5
[2020.10.19-11.03.20:852][756]LogTemp: Warning: Actor Hit name Cone_5
[2020.10.19-11.03.20:868][757]LogTemp: Warning: Actor Hit name Cone_5
[2020.10.19-11.03.20:886][758]LogTemp: Warning: Actor Hit name Cone_5
[2020.10.19-11.03.20:902][759]LogTemp: Warning: Actor Hit name Cone_5
[2020.10.19-11.03.20:919][760]LogTemp: Warning: Actor Hit name Cone_5
[2020.10.19-11.03.20:936][761]LogTemp: Warning: Actor Hit name Cone_5
[2020.10.19-11.03.20:952][762]LogTemp: Warning: Actor Hit name Cone_5
[2020.10.19-11.03.20:968][763]LogTemp: Warning: Actor Hit name Cone_5
[2020.10.19-11.03.20:986][764]LogTemp: Warning: Actor Hit name Cone_5
[2020.10.19-11.03.21:002][765]LogTemp: Warning: Actor Hit name Cone_5
[2020.10.19-11.03.21:019][766]LogTemp: Warning: Actor Hit name Cone_5
[2020.10.19-11.03.21:035][767]LogTemp: Warning: Actor Hit name Cone_5
[2020.10.19-11.03.21:053][768]LogTemp: Warning: Actor Hit name Cone_5
[2020.10.19-11.03.21:070][769]LogTemp: Warning: Actor Hit name Cone_5
[2020.10.19-11.03.21:093][770]LogTemp: Warning: Actor Hit name Cone_5
[2020.10.19-11.03.21:102][771]LogTemp: Warning: Actor Hit name Cone_5
[2020.10.19-11.03.21:120][772]LogTemp: Warning: Actor Hit name Cone_5
[2020.10.19-11.03.21:136][773]LogTemp: Warning: Actor Hit name Cone_5
[2020.10.19-11.03.21:153][774]LogTemp: Warning: Actor Hit name Cone_5
[2020.10.19-11.03.21:171][775]LogTemp: Warning: Actor Hit name Cone_5
[2020.10.19-11.03.21:186][776]LogTemp: Warning: Actor Hit name Cone_5
[2020.10.19-11.03.21:202][777]LogTemp: Warning: Actor Hit name Cone_5
[2020.10.19-11.03.21:220][778]LogTemp: Warning: Actor Hit name Cone_5
[2020.10.19-11.03.21:236][779]LogTemp: Warning: Actor Hit name Cone_5
[2020.10.19-11.03.21:989][822]LogSlate: Updating window title bar state: overlay mode, drag disabled, window buttons hidden, title bar hidden
[2020.10.19-11.03.21:989][822]LogWorld: BeginTearingDown for /Game/Maps/UEDPIE_0_Main
[2020.10.19-11.03.21:989][822]LogWorld: UWorld::CleanupWorld for Main, bSessionEnded=true, bCleanupResources=true
[2020.10.19-11.03.21:996][822]LogSlate: InvalidateAllWidgets triggered.  All widgets were invalidated
[2020.10.19-11.03.22:004][822]LogPlayLevel: Display: Shutting down PIE online subsystems
[2020.10.19-11.03.22:005][822]LogSlate: InvalidateAllWidgets triggered.  All widgets were invalidated
[2020.10.19-11.03.22:048][822]LogSlate: Updating window title bar state: overlay mode, drag disabled, window buttons hidden, title bar hidden
[2020.10.19-11.03.22:049][822]LogAISub: UAISubsystem::~UAISubsystem EnvQueryManager (000002DAE2C4EC00), frame # 7822
[2020.10.19-11.03.22:049][822]LogAISub: UAISubsystem::~UAISubsystem AIPerceptionSystem (000002DA891B6C00), frame # 7822
[2020.10.19-11.03.22:050][822]LogUObjectHash: Compacting FUObjectHashTables data took   0.85ms
[2020.10.19-11.03.22:105][823]LogPlayLevel: Display: Destroying online subsystem :Context_2
